Нашли совпадения в 'Наименование работ и затрат'  для 'Наименование работ и затрат' (возможные значения: ['Наименование работ и затрат', 'Наименование работ', 'Наименование затрат', 'Наименование'])
Нашли совпадения в 'Ед. изм.'  для 'Единица измерения' (возможные значения: ['Единица измерения', 'Ед. изм.', 'Единица', 'Ед. изм.', 'ед. измер.', 'ед. изм.', 'Ед. измерен.'])
Нашли совпадения в 'Кол-во единиц'  для 'Количество' (возможные значения: ['Количество', 'Кол-во', 'Количество ед.', 'Количество изделий', 'Кол.', 'Кол-во единиц'])
Нашли совпадения в 'Наименование работ и затрат'  для 'Наименование работ и затрат' (возможные значения: ['Наименование работ и затрат', 'Наименование работ', 'Наименование затрат', 'Наименование'])
Нашли совпадения в 'Ед. изм.'  для 'Единица измерения' (возможные значения: ['Единица измерения', 'Ед. изм.', 'Единица', 'Ед. изм.', 'ед. измер.', 'ед. изм.', 'Ед. измерен.'])
Нашли совпадения в 'Кол-во единиц'  для 'Количество' (возможные значения: ['Количество', 'Кол-во', 'Количество ед.', 'Количество изделий', 'Кол.', 'Кол-во единиц'])
Нашли совпадения в 'ВСЕГО'  для 'Всего' (возможные значения: ['всего', 'Стоимость, руб.'])
Нашли совпадения в 'Наименование работ и затрат'  для 'Наименование работ и затрат' (возможные значения: ['Наименование работ и затрат', 'Наименование работ', 'Наименование затрат', 'Наименование'])
Нашли совпадения в 'Ед. изм.'  для 'Единица измерения' (возможные значения: ['Единица измерения', 'Ед. изм.', 'Единица', 'Ед. изм.', 'ед. измер.', 'ед. изм.', 'Ед. измерен.'])
Нашли совпадения в 'Кол-во единиц'  для 'Количество' (возможные значения: ['Количество', 'Кол-во', 'Количество ед.', 'Количество изделий', 'Кол.', 'Кол-во единиц'])
Нашли совпадения в 'ВСЕГО'  для 'Всего' (возможные значения: ['всего', 'Стоимость, руб.'])
Нашли совпадения в 'Наименование работ и затрат'  для 'Наименование работ и затрат' (возможные значения: ['Наименование работ и затрат', 'Наименование работ', 'Наименование затрат', 'Наименование'])
Нашли совпадения в 'Ед. изм.'  для 'Единица измерения' (возможные значения: ['Единица измерения', 'Ед. изм.', 'Единица', 'Ед. изм.', 'ед. измер.', 'ед. изм.', 'Ед. измерен.'])
Нашли совпадения в 'Кол-во единиц'  для 'Количество' (возможные значения: ['Количество', 'Кол-во', 'Количество ед.', 'Количество изделий', 'Кол.', 'Кол-во единиц'])
Нашли совпадения в 'ВСЕГО'  для 'Всего' (возможные значения: ['всего', 'Стоимость, руб.'])
Нашли совпадения в 'Наименование работ и затрат'  для 'Наименование работ и затрат' (возможные значения: ['Наименование работ и затрат', 'Наименование работ', 'Наименование затрат', 'Наименование'])
Нашли совпадения в 'Ед. изм.'  для 'Единица измерения' (возможные значения: ['Единица измерения', 'Ед. изм.', 'Единица', 'Ед. изм.', 'ед. измер.', 'ед. изм.', 'Ед. измерен.'])
Нашли совпадения в 'Кол-во единиц'  для 'Количество' (возможные значения: ['Количество', 'Кол-во', 'Количество ед.', 'Количество изделий', 'Кол.', 'Кол-во единиц'])
Нашли совпадения в 'ВСЕГО'  для 'Всего' (возможные значения: ['всего', 'Стоимость, руб.'])
Нашли совпадения в 'ВСЕГО'  для 'Всего' (возможные значения: ['всего', 'Стоимость, руб.'])
Нашли совпадения в 'всего'  для 'Всего' (возможные значения: ['всего', 'Стоимость, руб.'])
Нашли совпадения в 'всего'  для 'Всего' (возможные значения: ['всего', 'Стоимость, руб.'])
Нашли совпадения в 'Наименование работ и затрат'  для 'Наименование работ и затрат' (возможные значения: ['Наименование работ и затрат', 'Наименование работ', 'Наименование затрат', 'Наименование'])
Нашли совпадения в 'Ед. изм.'  для 'Единица измерения' (возможные значения: ['Единица измерения', 'Ед. изм.', 'Единица', 'Ед. изм.', 'ед. измер.', 'ед. изм.', 'Ед. измерен.'])
Нашли совпадения в 'Кол-во единиц'  для 'Количество' (возможные значения: ['Количество', 'Кол-во', 'Количество ед.', 'Количество изделий', 'Кол.', 'Кол-во единиц'])
Нашли совпадения в 'Наименование работ и затрат'  для 'Наименование работ и затрат' (возможные значения: ['Наименование работ и затрат', 'Наименование работ', 'Наименование затрат', 'Наименование'])
Нашли совпадения в 'Ед. изм.'  для 'Единица измерения' (возможные значения: ['Единица измерения', 'Ед. изм.', 'Единица', 'Ед. изм.', 'ед. измер.', 'ед. изм.', 'Ед. измерен.'])
Нашли совпадения в 'Кол-во единиц'  для 'Количество' (возможные значения: ['Количество', 'Кол-во', 'Количество ед.', 'Количество изделий', 'Кол.', 'Кол-во единиц'])
Нашли совпадения в 'ВСЕГО'  для 'Всего' (возможные значения: ['всего', 'Стоимость, руб.'])
Нашли совпадения в 'Наименование работ и затрат'  для 'Наименование работ и затрат' (возможные значения: ['Наименование работ и затрат', 'Наименование работ', 'Наименование затрат', 'Наименование'])
Нашли совпадения в 'Ед. изм.'  для 'Единица измерения' (возможные значения: ['Единица измерения', 'Ед. изм.', 'Единица', 'Ед. изм.', 'ед. измер.', 'ед. изм.', 'Ед. измерен.'])
Нашли совпадения в 'Кол-во единиц'  для 'Количество' (возможные значения: ['Количество', 'Кол-во', 'Количество ед.', 'Количество изделий', 'Кол.', 'Кол-во единиц'])
Нашли совпадения в 'ВСЕГО'  для 'Всего' (возможные значения: ['всего', 'Стоимость, руб.'])
Нашли совпадения в 'Наименование работ и затрат'  для 'Наименование работ и затрат' (возможные значения: ['Наименование работ и затрат', 'Наименование работ', 'Наименование затрат', 'Наименование'])
Нашли совпадения в 'Ед. изм.'  для 'Единица измерения' (возможные значения: ['Единица измерения', 'Ед. изм.', 'Единица', 'Ед. изм.', 'ед. измер.', 'ед. изм.', 'Ед. измерен.'])
Нашли совпадения в 'Кол-во единиц'  для 'Количество' (возможные значения: ['Количество', 'Кол-во', 'Количество ед.', 'Количество изделий', 'Кол.', 'Кол-во единиц'])
Нашли совпадения в 'ВСЕГО'  для 'Всего' (возможные значения: ['всего', 'Стоимость, руб.'])
Нашли совпадения в 'Наименование работ и затрат'  для 'Наименование работ и затрат' (возможные значения: ['Наименование работ и затрат', 'Наименование работ', 'Наименование затрат', 'Наименование'])
Нашли совпадения в 'Ед. изм.'  для 'Единица измерения' (возможные значения: ['Единица измерения', 'Ед. изм.', 'Единица', 'Ед. изм.', 'ед. измер.', 'ед. изм.', 'Ед. измерен.'])
Нашли совпадения в 'Кол-во единиц'  для 'Количество' (возможные значения: ['Количество', 'Кол-во', 'Количество ед.', 'Количество изделий', 'Кол.', 'Кол-во единиц'])
Нашли совпадения в 'ВСЕГО'  для 'Всего' (возможные значения: ['всего', 'Стоимость, руб.'])
Нашли совпадения в 'ВСЕГО'  для 'Всего' (возможные значения: ['всего', 'Стоимость, руб.'])
Нашли совпадения в 'всего'  для 'Всего' (возможные значения: ['всего', 'Стоимость, руб.'])
Нашли совпадения в 'всего'  для 'Всего' (возможные значения: ['всего', 'Стоимость, руб.'])
Нашли совпадения в 'Наименование работ и затрат'  для 'Наименование работ и затрат' (возможные значения: ['Наименование работ и затрат', 'Наименование работ', 'Наименование затрат', 'Наименование'])
Нашли совпадения в 'Ед. изм.'  для 'Единица измерения' (возможные значения: ['Единица измерения', 'Ед. изм.', 'Единица', 'Ед. изм.', 'ед. измер.', 'ед. изм.', 'Ед. измерен.'])
Нашли совпадения в 'Кол-во единиц'  для 'Количество' (возможные значения: ['Количество', 'Кол-во', 'Количество ед.', 'Количество изделий', 'Кол.', 'Кол-во единиц'])
Нашли совпадения в 'Наименование работ и затрат'  для 'Наименование работ и затрат' (возможные значения: ['Наименование работ и затрат', 'Наименование работ', 'Наименование затрат', 'Наименование'])
Нашли совпадения в 'Ед. изм.'  для 'Единица измерения' (возможные значения: ['Единица измерения', 'Ед. изм.', 'Единица', 'Ед. изм.', 'ед. измер.', 'ед. изм.', 'Ед. измерен.'])
Нашли совпадения в 'Кол-во единиц'  для 'Количество' (возможные значения: ['Количество', 'Кол-во', 'Количество ед.', 'Количество изделий', 'Кол.', 'Кол-во единиц'])
Нашли совпадения в 'ВСЕГО'  для 'Всего' (возможные значения: ['всего', 'Стоимость, руб.'])
Нашли совпадения в 'Наименование работ и затрат'  для 'Наименование работ и затрат' (возможные значения: ['Наименование работ и затрат', 'Наименование работ', 'Наименование затрат', 'Наименование'])
Нашли совпадения в 'Ед. изм.'  для 'Единица измерения' (возможные значения: ['Единица измерения', 'Ед. изм.', 'Единица', 'Ед. изм.', 'ед. измер.', 'ед. изм.', 'Ед. измерен.'])
Нашли совпадения в 'Кол-во единиц'  для 'Количество' (возможные значения: ['Количество', 'Кол-во', 'Количество ед.', 'Количество изделий', 'Кол.', 'Кол-во единиц'])
Нашли совпадения в 'ВСЕГО'  для 'Всего' (возможные значения: ['всего', 'Стоимость, руб.'])
Нашли совпадения в 'Наименование работ и затрат'  для 'Наименование работ и затрат' (возможные значения: ['Наименование работ и затрат', 'Наименование работ', 'Наименование затрат', 'Наименование'])
Нашли совпадения в 'Ед. изм.'  для 'Единица измерения' (возможные значения: ['Единица измерения', 'Ед. изм.', 'Единица', 'Ед. изм.', 'ед. измер.', 'ед. изм.', 'Ед. измерен.'])
Нашли совпадения в 'Кол-во единиц'  для 'Количество' (возможные значения: ['Количество', 'Кол-во', 'Количество ед.', 'Количество изделий', 'Кол.', 'Кол-во единиц'])
Нашли совпадения в 'ВСЕГО'  для 'Всего' (возможные значения: ['всего', 'Стоимость, руб.'])
Нашли совпадения в 'Наименование работ и затрат'  для 'Наименование работ и затрат' (возможные значения: ['Наименование работ и затрат', 'Наименование работ', 'Наименование затрат', 'Наименование'])
Нашли совпадения в 'Ед. изм.'  для 'Единица измерения' (возможные значения: ['Единица измерения', 'Ед. изм.', 'Единица', 'Ед. изм.', 'ед. измер.', 'ед. изм.', 'Ед. измерен.'])
Нашли совпадения в 'Кол-во единиц'  для 'Количество' (возможные значения: ['Количество', 'Кол-во', 'Количество ед.', 'Количество изделий', 'Кол.', 'Кол-во единиц'])
Нашли совпадения в 'ВСЕГО'  для 'Всего' (возможные значения: ['всего', 'Стоимость, руб.'])
Нашли совпадения в 'ВСЕГО'  для 'Всего' (возможные значения: ['всего', 'Стоимость, руб.'])
Нашли совпадения в 'всего'  для 'Всего' (возможные значения: ['всего', 'Стоимость, руб.'])
Нашли совпадения в 'всего'  для 'Всего' (возможные значения: ['всего', 'Стоимость, руб.'])
Нашли совпадения в 'Наименование работ и затрат'  для 'Наименование работ и затрат' (возможные значения: ['Наименование работ и затрат', 'Наименование работ', 'Наименование затрат', 'Наименование'])
Нашли совпадения в 'Ед. изм.'  для 'Единица измерения' (возможные значения: ['Единица измерения', 'Ед. изм.', 'Единица', 'Ед. изм.', 'ед. измер.', 'ед. изм.', 'Ед. измерен.'])
Нашли совпадения в 'Кол-во единиц'  для 'Количество' (возможные значения: ['Количество', 'Кол-во', 'Количество ед.', 'Количество изделий', 'Кол.', 'Кол-во единиц'])
Нашли совпадения в 'Наименование работ и затрат'  для 'Наименование работ и затрат' (возможные значения: ['Наименование работ и затрат', 'Наименование работ', 'Наименование затрат', 'Наименование'])
Нашли совпадения в 'Ед. изм.'  для 'Единица измерения' (возможные значения: ['Единица измерения', 'Ед. изм.', 'Единица', 'Ед. изм.', 'ед. измер.', 'ед. изм.', 'Ед. измерен.'])
Нашли совпадения в 'Кол-во единиц'  для 'Количество' (возможные значения: ['Количество', 'Кол-во', 'Количество ед.', 'Количество изделий', 'Кол.', 'Кол-во единиц'])
Нашли совпадения в 'ВСЕГО'  для 'Всего' (возможные значения: ['всего', 'Стоимость, руб.'])
Нашли совпадения в 'Наименование работ и затрат'  для 'Наименование работ и затрат' (возможные значения: ['Наименование работ и затрат', 'Наименование работ', 'Наименование затрат', 'Наименование'])
Нашли совпадения в 'Ед. изм.'  для 'Единица измерения' (возможные значения: ['Единица измерения', 'Ед. изм.', 'Единица', 'Ед. изм.', 'ед. измер.', 'ед. изм.', 'Ед. измерен.'])
Нашли совпадения в 'Кол-во единиц'  для 'Количество' (возможные значения: ['Количество', 'Кол-во', 'Количество ед.', 'Количество изделий', 'Кол.', 'Кол-во единиц'])
Нашли совпадения в 'ВСЕГО'  для 'Всего' (возможные значения: ['всего', 'Стоимость, руб.'])
Нашли совпадения в 'Наименование работ и затрат'  для 'Наименование работ и затрат' (возможные значения: ['Наименование работ и затрат', 'Наименование работ', 'Наименование затрат', 'Наименование'])
Нашли совпадения в 'Ед. изм.'  для 'Единица измерения' (возможные значения: ['Единица измерения', 'Ед. изм.', 'Единица', 'Ед. изм.', 'ед. измер.', 'ед. изм.', 'Ед. измерен.'])
Нашли совпадения в 'Кол-во единиц'  для 'Количество' (возможные значения: ['Количество', 'Кол-во', 'Количество ед.', 'Количество изделий', 'Кол.', 'Кол-во единиц'])
Нашли совпадения в 'ВСЕГО'  для 'Всего' (возможные значения: ['всего', 'Стоимость, руб.'])
Нашли совпадения в 'Наименование работ и затрат'  для 'Наименование работ и затрат' (возможные значения: ['Наименование работ и затрат', 'Наименование работ', 'Наименование затрат', 'Наименование'])
Нашли совпадения в 'Ед. изм.'  для 'Единица измерения' (возможные значения: ['Единица измерения', 'Ед. изм.', 'Единица', 'Ед. изм.', 'ед. измер.', 'ед. изм.', 'Ед. измерен.'])
Нашли совпадения в 'Кол-во единиц'  для 'Количество' (возможные значения: ['Количество', 'Кол-во', 'Количество ед.', 'Количество изделий', 'Кол.', 'Кол-во единиц'])
Нашли совпадения в 'ВСЕГО'  для 'Всего' (возможные значения: ['всего', 'Стоимость, руб.'])
Нашли совпадения в 'ВСЕГО'  для 'Всего' (возможные значения: ['всего', 'Стоимость, руб.'])
Нашли совпадения в 'всего'  для 'Всего' (возможные значения: ['всего', 'Стоимость, руб.'])
Нашли совпадения в 'всего'  для 'Всего' (возможные значения: ['всего', 'Стоимость, руб.'])
Нашли совпадения в 'Наименование работ и затрат'  для 'Наименование работ и затрат' (возможные значения: ['Наименование работ и затрат', 'Наименование работ', 'Наименование затрат', 'Наименование'])
Нашли совпадения в 'Ед. изм.'  для 'Единица измерения' (возможные значения: ['Единица измерения', 'Ед. изм.', 'Единица', 'Ед. изм.', 'ед. измер.', 'ед. изм.', 'Ед. измерен.'])
Нашли совпадения в 'Кол-во единиц'  для 'Количество' (возможные значения: ['Количество', 'Кол-во', 'Количество ед.', 'Количество изделий', 'Кол.', 'Кол-во единиц'])
Нашли совпадения в 'Наименование работ и затрат'  для 'Наименование работ и затрат' (возможные значения: ['Наименование работ и затрат', 'Наименование работ', 'Наименование затрат', 'Наименование'])
Нашли совпадения в 'Ед. изм.'  для 'Единица измерения' (возможные значения: ['Единица измерения', 'Ед. изм.', 'Единица', 'Ед. изм.', 'ед. измер.', 'ед. изм.', 'Ед. измерен.'])
Нашли совпадения в 'Кол-во единиц'  для 'Количество' (возможные значения: ['Количество', 'Кол-во', 'Количество ед.', 'Количество изделий', 'Кол.', 'Кол-во единиц'])
Нашли совпадения в 'ВСЕГО'  для 'Всего' (возможные значения: ['всего', 'Стоимость, руб.'])
Нашли совпадения в 'Наименование работ и затрат'  для 'Наименование работ и затрат' (возможные значения: ['Наименование работ и затрат', 'Наименование работ', 'Наименование затрат', 'Наименование'])
Нашли совпадения в 'Ед. изм.'  для 'Единица измерения' (возможные значения: ['Единица измерения', 'Ед. изм.', 'Единица', 'Ед. изм.', 'ед. измер.', 'ед. изм.', 'Ед. измерен.'])
Нашли совпадения в 'Кол-во единиц'  для 'Количество' (возможные значения: ['Количество', 'Кол-во', 'Количество ед.', 'Количество изделий', 'Кол.', 'Кол-во единиц'])
Нашли совпадения в 'ВСЕГО'  для 'Всего' (возможные значения: ['всего', 'Стоимость, руб.'])
Нашли совпадения в 'Наименование работ и затрат'  для 'Наименование работ и затрат' (возможные значения: ['Наименование работ и затрат', 'Наименование работ', 'Наименование затрат', 'Наименование'])
Нашли совпадения в 'Ед. изм.'  для 'Единица измерения' (возможные значения: ['Единица измерения', 'Ед. изм.', 'Единица', 'Ед. изм.', 'ед. измер.', 'ед. изм.', 'Ед. измерен.'])
Нашли совпадения в 'Кол-во единиц'  для 'Количество' (возможные значения: ['Количество', 'Кол-во', 'Количество ед.', 'Количество изделий', 'Кол.', 'Кол-во единиц'])
Нашли совпадения в 'ВСЕГО'  для 'Всего' (возможные значения: ['всего', 'Стоимость, руб.'])
Нашли совпадения в 'Наименование работ и затрат'  для 'Наименование работ и затрат' (возможные значения: ['Наименование работ и затрат', 'Наименование работ', 'Наименование затрат', 'Наименование'])
Нашли совпадения в 'Ед. изм.'  для 'Единица измерения' (возможные значения: ['Единица измерения', 'Ед. изм.', 'Единица', 'Ед. изм.', 'ед. измер.', 'ед. изм.', 'Ед. измерен.'])
Нашли совпадения в 'Кол-во единиц'  для 'Количество' (возможные значения: ['Количество', 'Кол-во', 'Количество ед.', 'Количество изделий', 'Кол.', 'Кол-во единиц'])
Нашли совпадения в 'ВСЕГО'  для 'Всего' (возможные значения: ['всего', 'Стоимость, руб.'])
Нашли совпадения в 'ВСЕГО'  для 'Всего' (возможные значения: ['всего', 'Стоимость, руб.'])
Нашли совпадения в 'всего'  для 'Всего' (возможные значения: ['всего', 'Стоимость, руб.'])
Нашли совпадения в 'всего'  для 'Всего' (возможные значения: ['всего', 'Стоимость, руб.'])
Нашли совпадения в 'Основание'  для 'Обоснование' (возможные значения: ['Обоснование', 'Обоснование сметы', 'Основание', 'Основание расчета', 'Обоснование стоимости', 'Шифр норматива', 'Шифр и номер позиции норматива', 'Обоснование расценок'])
Нашли совпадения в 'Основание'  для 'Обоснование' (возможные значения: ['Обоснование', 'Обоснование сметы', 'Основание', 'Основание расчета', 'Обоснование стоимости', 'Шифр норматива', 'Шифр и номер позиции норматива', 'Обоснование расценок'])
Нашли совпадения в 'Основание'  для 'Обоснование' (возможные значения: ['Обоснование', 'Обоснование сметы', 'Основание', 'Основание расчета', 'Обоснование стоимости', 'Шифр норматива', 'Шифр и номер позиции норматива', 'Обоснование расценок'])
Нашли совпадения в 'Основание'  для 'Обоснование' (возможные значения: ['Обоснование', 'Обоснование сметы', 'Основание', 'Основание расчета', 'Обоснование стоимости', 'Шифр норматива', 'Шифр и номер позиции норматива', 'Обоснование расценок'])
Нашли совпадения в 'Основание'  для 'Обоснование' (возможные значения: ['Обоснование', 'Обоснование сметы', 'Основание', 'Основание расчета', 'Обоснование стоимости', 'Шифр норматива', 'Шифр и номер позиции норматива', 'Обоснование расценок'])
Нашли совпадения в 'Обоснование'  для 'Обоснование' (возможные значения: ['Обоснование', 'Обоснование сметы', 'Основание', 'Основание расчета', 'Обоснование стоимости', 'Шифр норматива', 'Шифр и номер позиции норматива', 'Обоснование расценок'])
Нашли совпадения в 'Наименование работ и затрат'  для 'Наименование работ и затрат' (возможные значения: ['Наименование работ и затрат', 'Наименование работ', 'Наименование затрат', 'Наименование', 'Шифр норматива', 'Шифр и номер позиции норматива', 'Обоснование расценок'])
Нашли совпадения в 'Единица измерения'  для 'Единица измерения' (возможные значения: ['Единица измерения', 'Ед. изм.', 'Единица', 'Ед. изм.', 'ед. измер.', 'ед. изм.', 'Ед. измерен.'])
Нашли совпадения в 'Количество'  для 'Количество' (возможные значения: ['Количество', 'Кол-во', 'Количество ед.', 'Количество изделий', 'Кол.', 'Кол-во единиц'])
Нашли совпадения в 'Сметная стоимость в текущем уровне цен, руб.'  для 'Всего' (возможные значения: ['всего', 'Стоимость, руб.', 'Общая стоимость, руб.', 'Сметная стоимость в текущем уровне цен, руб.'])
Нашли совпадения в 'Основание'  для 'Обоснование' (возможные значения: ['Обоснование', 'Обоснование сметы', 'Основание', 'Основание расчета', 'Обоснование стоимости', 'Шифр норматива', 'Шифр и номер позиции норматива', 'Обоснование расценок'])
Нашли совпадения в 'Основание'  для 'Обоснование' (возможные значения: ['Обоснование', 'Обоснование сметы', 'Основание', 'Основание расчета', 'Обоснование стоимости', 'Шифр норматива', 'Шифр и номер позиции норматива', 'Обоснование расценок'])
Нашли совпадения в 'Основание'  для 'Обоснование' (возможные значения: ['Обоснование', 'Обоснование сметы', 'Основание', 'Основание расчета', 'Обоснование стоимости', 'Шифр норматива', 'Шифр и номер позиции норматива', 'Обоснование расценок'])
Нашли совпадения в 'Основание'  для 'Обоснование' (возможные значения: ['Обоснование', 'Обоснование сметы', 'Основание', 'Основание расчета', 'Обоснование стоимости', 'Шифр норматива', 'Шифр и номер позиции норматива', 'Обоснование расценок'])
Нашли совпадения в 'Основание'  для 'Обоснование' (возможные значения: ['Обоснование', 'Обоснование сметы', 'Основание', 'Основание расчета', 'Обоснование стоимости', 'Шифр норматива', 'Шифр и номер позиции норматива', 'Обоснование расценок'])
Нашли совпадения в 'Обоснование'  для 'Обоснование' (возможные значения: ['Обоснование', 'Обоснование сметы', 'Основание', 'Основание расчета', 'Обоснование стоимости', 'Шифр норматива', 'Шифр и номер позиции норматива', 'Обоснование расценок'])
Нашли совпадения в 'Наименование работ и затрат'  для 'Наименование работ и затрат' (возможные значения: ['Наименование работ и затрат', 'Наименование работ', 'Наименование затрат', 'Наименование', 'Шифр норматива', 'Шифр и номер позиции норматива', 'Обоснование расценок'])
Нашли совпадения в 'Единица измерения'  для 'Единица измерения' (возможные значения: ['Единица измерения', 'Ед. изм.', 'Единица', 'Ед. изм.', 'ед. измер.', 'ед. изм.', 'Ед. измерен.'])
Нашли совпадения в 'Количество'  для 'Количество' (возможные значения: ['Количество', 'Кол-во', 'Количество ед.', 'Количество изделий', 'Кол.', 'Кол-во единиц'])
Нашли совпадения в 'Сметная стоимость в текущем уровне цен, руб.'  для 'Всего' (возможные значения: ['всего', 'Стоимость, руб.', 'Общая стоимость, руб.', 'Сметная стоимость в текущем уровне цен, руб.'])
Нашли совпадения в 'Основание'  для 'Обоснование' (возможные значения: ['Обоснование', 'Обоснование сметы', 'Основание', 'Основание расчета', 'Обоснование стоимости', 'Шифр норматива', 'Шифр и номер позиции норматива', 'Обоснование расценок'])
Нашли совпадения в 'Основание'  для 'Обоснование' (возможные значения: ['Обоснование', 'Обоснование сметы', 'Основание', 'Основание расчета', 'Обоснование стоимости', 'Шифр норматива', 'Шифр и номер позиции норматива', 'Обоснование расценок'])
Нашли совпадения в 'Основание'  для 'Обоснование' (возможные значения: ['Обоснование', 'Обоснование сметы', 'Основание', 'Основание расчета', 'Обоснование стоимости', 'Шифр норматива', 'Шифр и номер позиции норматива', 'Обоснование расценок'])
Нашли совпадения в 'Основание'  для 'Обоснование' (возможные значения: ['Обоснование', 'Обоснование сметы', 'Основание', 'Основание расчета', 'Обоснование стоимости', 'Шифр норматива', 'Шифр и номер позиции норматива', 'Обоснование расценок'])
Нашли совпадения в 'Основание'  для 'Обоснование' (возможные значения: ['Обоснование', 'Обоснование сметы', 'Основание', 'Основание расчета', 'Обоснование стоимости', 'Шифр норматива', 'Шифр и номер позиции норматива', 'Обоснование расценок'])
Нашли совпадения в 'Обоснование'  для 'Обоснование' (возможные значения: ['Обоснование', 'Обоснование сметы', 'Основание', 'Основание расчета', 'Обоснование стоимости', 'Шифр норматива', 'Шифр и номер позиции норматива', 'Обоснование расценок'])
Нашли совпадения в 'Наименование работ и затрат'  для 'Наименование работ и затрат' (возможные значения: ['Наименование работ и затрат', 'Наименование работ', 'Наименование затрат', 'Наименование', 'Шифр норматива', 'Шифр и номер позиции норматива', 'Обоснование расценок'])
Нашли совпадения в 'Единица измерения'  для 'Единица измерения' (возможные значения: ['Единица измерения', 'Ед. изм.', 'Единица', 'Ед. изм.', 'ед. измер.', 'ед. изм.', 'Ед. измерен.'])
Нашли совпадения в 'Количество'  для 'Количество' (возможные значения: ['Количество', 'Кол-во', 'Количество ед.', 'Количество изделий', 'Кол.', 'Кол-во единиц'])
Нашли совпадения в 'Сметная стоимость в текущем уровне цен, руб.'  для 'Всего' (возможные значения: ['всего', 'Стоимость, руб.', 'Общая стоимость, руб.', 'Сметная стоимость в текущем уровне цен, руб.'])
Нашли совпадения в 'Основание'  для 'Обоснование' (возможные значения: ['Обоснование', 'Обоснование сметы', 'Основание', 'Основание расчета', 'Обоснование стоимости', 'Шифр норматива', 'Шифр и номер позиции норматива', 'Обоснование расценок'])
Нашли совпадения в 'Основание'  для 'Обоснование' (возможные значения: ['Обоснование', 'Обоснование сметы', 'Основание', 'Основание расчета', 'Обоснование стоимости', 'Шифр норматива', 'Шифр и номер позиции норматива', 'Обоснование расценок'])
Нашли совпадения в 'Основание'  для 'Обоснование' (возможные значения: ['Обоснование', 'Обоснование сметы', 'Основание', 'Основание расчета', 'Обоснование стоимости', 'Шифр норматива', 'Шифр и номер позиции норматива', 'Обоснование расценок'])
Нашли совпадения в 'Основание'  для 'Обоснование' (возможные значения: ['Обоснование', 'Обоснование сметы', 'Основание', 'Основание расчета', 'Обоснование стоимости', 'Шифр норматива', 'Шифр и номер позиции норматива', 'Обоснование расценок'])
Нашли совпадения в 'Основание'  для 'Обоснование' (возможные значения: ['Обоснование', 'Обоснование сметы', 'Основание', 'Основание расчета', 'Обоснование стоимости', 'Шифр норматива', 'Шифр и номер позиции норматива', 'Обоснование расценок'])
Нашли совпадения в 'Обоснование'  для 'Обоснование' (возможные значения: ['Обоснование', 'Обоснование сметы', 'Основание', 'Основание расчета', 'Обоснование стоимости', 'Шифр норматива', 'Шифр и номер позиции норматива', 'Обоснование расценок'])
Нашли совпадения в 'Наименование работ и затрат'  для 'Наименование работ и затрат' (возможные значения: ['Наименование работ и затрат', 'Наименование работ', 'Наименование затрат', 'Наименование', 'Шифр норматива', 'Шифр и номер позиции норматива', 'Обоснование расценок'])
Нашли совпадения в 'Единица измерения'  для 'Единица измерения' (возможные значения: ['Единица измерения', 'Ед. изм.', 'Единица', 'Ед. изм.', 'ед. измер.', 'ед. изм.', 'Ед. измерен.'])
Нашли совпадения в 'Количество'  для 'Количество' (возможные значения: ['Количество', 'Кол-во', 'Количество ед.', 'Количество изделий', 'Кол.', 'Кол-во единиц'])
Нашли совпадения в 'Сметная стоимость в текущем уровне цен, руб.'  для 'Всего' (возможные значения: ['всего', 'Стоимость, руб.', 'Общая стоимость, руб.', 'Сметная стоимость в текущем уровне цен, руб.'])
Нашли совпадения в 'Основание'  для 'Обоснование' (возможные значения: ['Обоснование', 'Обоснование сметы', 'Основание', 'Основание расчета', 'Обоснование стоимости', 'Шифр норматива', 'Шифр и номер позиции норматива', 'Обоснование расценок'])
Нашли совпадения в 'Основание'  для 'Обоснование' (возможные значения: ['Обоснование', 'Обоснование сметы', 'Основание', 'Основание расчета', 'Обоснование стоимости', 'Шифр норматива', 'Шифр и номер позиции норматива', 'Обоснование расценок'])
Нашли совпадения в 'Основание'  для 'Обоснование' (возможные значения: ['Обоснование', 'Обоснование сметы', 'Основание', 'Основание расчета', 'Обоснование стоимости', 'Шифр норматива', 'Шифр и номер позиции норматива', 'Обоснование расценок'])
Нашли совпадения в 'Основание'  для 'Обоснование' (возможные значения: ['Обоснование', 'Обоснование сметы', 'Основание', 'Основание расчета', 'Обоснование стоимости', 'Шифр норматива', 'Шифр и номер позиции норматива', 'Обоснование расценок'])
Нашли совпадения в 'Основание'  для 'Обоснование' (возможные значения: ['Обоснование', 'Обоснование сметы', 'Основание', 'Основание расчета', 'Обоснование стоимости', 'Шифр норматива', 'Шифр и номер позиции норматива', 'Обоснование расценок'])
Нашли совпадения в 'Обоснование'  для 'Обоснование' (возможные значения: ['Обоснование', 'Обоснование сметы', 'Основание', 'Основание расчета', 'Обоснование стоимости', 'Шифр норматива', 'Шифр и номер позиции норматива', 'Обоснование расценок'])
Нашли совпадения в 'Наименование работ и затрат'  для 'Наименование работ и затрат' (возможные значения: ['Наименование работ и затрат', 'Наименование работ', 'Наименование затрат', 'Наименование', 'Шифр норматива', 'Шифр и номер позиции норматива', 'Обоснование расценок'])
Нашли совпадения в 'Единица измерения'  для 'Единица измерения' (возможные значения: ['Единица измерения', 'Ед. изм.', 'Единица', 'Ед. изм.', 'ед. измер.', 'ед. изм.', 'Ед. измерен.'])
Нашли совпадения в 'Количество'  для 'Количество' (возможные значения: ['Количество', 'Кол-во', 'Количество ед.', 'Количество изделий', 'Кол.', 'Кол-во единиц'])
Нашли совпадения в 'Сметная стоимость в текущем уровне цен, руб.'  для 'Всего' (возможные значения: ['всего', 'Стоимость, руб.', 'Общая стоимость, руб.', 'Сметная стоимость в текущем уровне цен, руб.'])
Нашли совпадения в 'Основание'  для 'Обоснование' (возможные значения: ['Обоснование', 'Обоснование сметы', 'Основание', 'Основание расчета', 'Обоснование стоимости', 'Шифр норматива', 'Шифр и номер позиции норматива', 'Обоснование расценок'])
Нашли совпадения в 'Основание'  для 'Обоснование' (возможные значения: ['Обоснование', 'Обоснование сметы', 'Основание', 'Основание расчета', 'Обоснование стоимости', 'Шифр норматива', 'Шифр и номер позиции норматива', 'Обоснование расценок'])
Нашли совпадения в 'Основание'  для 'Обоснование' (возможные значения: ['Обоснование', 'Обоснование сметы', 'Основание', 'Основание расчета', 'Обоснование стоимости', 'Шифр норматива', 'Шифр и номер позиции норматива', 'Обоснование расценок'])
Нашли совпадения в 'Основание'  для 'Обоснование' (возможные значения: ['Обоснование', 'Обоснование сметы', 'Основание', 'Основание расчета', 'Обоснование стоимости', 'Шифр норматива', 'Шифр и номер позиции норматива', 'Обоснование расценок'])
Нашли совпадения в 'Основание'  для 'Обоснование' (возможные значения: ['Обоснование', 'Обоснование сметы', 'Основание', 'Основание расчета', 'Обоснование стоимости', 'Шифр норматива', 'Шифр и номер позиции норматива', 'Обоснование расценок'])
Нашли совпадения в 'Обоснование'  для 'Обоснование' (возможные значения: ['Обоснование', 'Обоснование сметы', 'Основание', 'Основание расчета', 'Обоснование стоимости', 'Шифр норматива', 'Шифр и номер позиции норматива', 'Обоснование расценок'])
Нашли совпадения в 'Наименование работ и затрат'  для 'Наименование работ и затрат' (возможные значения: ['Наименование работ и затрат', 'Наименование работ', 'Наименование затрат', 'Наименование', 'Шифр норматива', 'Шифр и номер позиции норматива', 'Обоснование расценок'])
Нашли совпадения в 'Единица измерения'  для 'Единица измерения' (возможные значения: ['Единица измерения', 'Ед. изм.', 'Единица', 'Ед. изм.', 'ед. измер.', 'ед. изм.', 'Ед. измерен.'])
Нашли совпадения в 'Количество'  для 'Количество' (возможные значения: ['Количество', 'Кол-во', 'Количество ед.', 'Количество изделий', 'Кол.', 'Кол-во единиц'])
Нашли совпадения в 'Сметная стоимость в текущем уровне цен, руб.'  для 'Всего' (возможные значения: ['всего', 'Стоимость, руб.', 'Общая стоимость, руб.', 'Сметная стоимость в текущем уровне цен, руб.'])
Нашли совпадения в 'Основание'  для 'Обоснование' (возможные значения: ['Обоснование', 'Обоснование сметы', 'Основание', 'Основание расчета', 'Обоснование стоимости', 'Шифр норматива', 'Шифр и номер позиции норматива', 'Обоснование расценок'])
Нашли совпадения в 'Основание'  для 'Обоснование' (возможные значения: ['Обоснование', 'Обоснование сметы', 'Основание', 'Основание расчета', 'Обоснование стоимости', 'Шифр норматива', 'Шифр и номер позиции норматива', 'Обоснование расценок'])
Нашли совпадения в 'Основание'  для 'Обоснование' (возможные значения: ['Обоснование', 'Обоснование сметы', 'Основание', 'Основание расчета', 'Обоснование стоимости', 'Шифр норматива', 'Шифр и номер позиции норматива', 'Обоснование расценок'])
Нашли совпадения в 'Основание'  для 'Обоснование' (возможные значения: ['Обоснование', 'Обоснование сметы', 'Основание', 'Основание расчета', 'Обоснование стоимости', 'Шифр норматива', 'Шифр и номер позиции норматива', 'Обоснование расценок'])
Нашли совпадения в 'Основание'  для 'Обоснование' (возможные значения: ['Обоснование', 'Обоснование сметы', 'Основание', 'Основание расчета', 'Обоснование стоимости', 'Шифр норматива', 'Шифр и номер позиции норматива', 'Обоснование расценок'])
Нашли совпадения в 'Обоснование'  для 'Обоснование' (возможные значения: ['Обоснование', 'Обоснование сметы', 'Основание', 'Основание расчета', 'Обоснование стоимости', 'Шифр норматива', 'Шифр и номер позиции норматива', 'Обоснование расценок'])
Нашли совпадения в 'Наименование работ и затрат'  для 'Наименование работ и затрат' (возможные значения: ['Наименование работ и затрат', 'Наименование работ', 'Наименование затрат', 'Наименование', 'Шифр норматива', 'Шифр и номер позиции норматива', 'Обоснование расценок'])
Нашли совпадения в 'Единица измерения'  для 'Единица измерения' (возможные значения: ['Единица измерения', 'Ед. изм.', 'Единица', 'Ед. изм.', 'ед. измер.', 'ед. изм.', 'Ед. измерен.'])
Нашли совпадения в 'Количество'  для 'Количество' (возможные значения: ['Количество', 'Кол-во', 'Количество ед.', 'Количество изделий', 'Кол.', 'Кол-во единиц'])
Нашли совпадения в 'Сметная стоимость в текущем уровне цен, руб.'  для 'Всего' (возможные значения: ['всего', 'Стоимость, руб.', 'Общая стоимость, руб.', 'Сметная стоимость в текущем уровне цен, руб.'])
Нашли совпадения в 'Основание'  для 'Обоснование' (возможные значения: ['Обоснование', 'Обоснование сметы', 'Основание', 'Основание расчета', 'Обоснование стоимости', 'Шифр норматива', 'Шифр и номер позиции норматива', 'Обоснование расценок'])
Нашли совпадения в 'Основание'  для 'Обоснование' (возможные значения: ['Обоснование', 'Обоснование сметы', 'Основание', 'Основание расчета', 'Обоснование стоимости', 'Шифр норматива', 'Шифр и номер позиции норматива', 'Обоснование расценок'])
Нашли совпадения в 'Основание'  для 'Обоснование' (возможные значения: ['Обоснование', 'Обоснование сметы', 'Основание', 'Основание расчета', 'Обоснование стоимости', 'Шифр норматива', 'Шифр и номер позиции норматива', 'Обоснование расценок'])
Нашли совпадения в 'Основание'  для 'Обоснование' (возможные значения: ['Обоснование', 'Обоснование сметы', 'Основание', 'Основание расчета', 'Обоснование стоимости', 'Шифр норматива', 'Шифр и номер позиции норматива', 'Обоснование расценок'])
Нашли совпадения в 'Основание'  для 'Обоснование' (возможные значения: ['Обоснование', 'Обоснование сметы', 'Основание', 'Основание расчета', 'Обоснование стоимости', 'Шифр норматива', 'Шифр и номер позиции норматива', 'Обоснование расценок'])
Нашли совпадения в 'Обоснование'  для 'Обоснование' (возможные значения: ['Обоснование', 'Обоснование сметы', 'Основание', 'Основание расчета', 'Обоснование стоимости', 'Шифр норматива', 'Шифр и номер позиции норматива', 'Обоснование расценок'])
Нашли совпадения в 'Наименование работ и затрат'  для 'Наименование работ и затрат' (возможные значения: ['Наименование работ и затрат', 'Наименование работ', 'Наименование затрат', 'Наименование', 'Шифр норматива', 'Шифр и номер позиции норматива', 'Обоснование расценок'])
Нашли совпадения в 'Единица измерения'  для 'Единица измерения' (возможные значения: ['Единица измерения', 'Ед. изм.', 'Единица', 'Ед. изм.', 'ед. измер.', 'ед. изм.', 'Ед. измерен.'])
Нашли совпадения в 'Количество'  для 'Количество' (возможные значения: ['Количество', 'Кол-во', 'Количество ед.', 'Количество изделий', 'Кол.', 'Кол-во единиц'])
Нашли совпадения в 'Сметная стоимость в текущем уровне цен, руб.'  для 'Всего' (возможные значения: ['всего', 'Стоимость, руб.', 'Общая стоимость, руб.', 'Сметная стоимость в текущем уровне цен, руб.'])
Нашли совпадения в 'Основание'  для 'Обоснование' (возможные значения: ['Обоснование', 'Обоснование сметы', 'Основание', 'Основание расчета', 'Обоснование стоимости', 'Шифр норматива', 'Шифр и номер позиции норматива', 'Обоснование расценок'])
Нашли совпадения в 'Основание'  для 'Обоснование' (возможные значения: ['Обоснование', 'Обоснование сметы', 'Основание', 'Основание расчета', 'Обоснование стоимости', 'Шифр норматива', 'Шифр и номер позиции норматива', 'Обоснование расценок'])
Нашли совпадения в 'Основание'  для 'Обоснование' (возможные значения: ['Обоснование', 'Обоснование сметы', 'Основание', 'Основание расчета', 'Обоснование стоимости', 'Шифр норматива', 'Шифр и номер позиции норматива', 'Обоснование расценок'])
Нашли совпадения в 'Основание'  для 'Обоснование' (возможные значения: ['Обоснование', 'Обоснование сметы', 'Основание', 'Основание расчета', 'Обоснование стоимости', 'Шифр норматива', 'Шифр и номер позиции норматива', 'Обоснование расценок'])
Нашли совпадения в 'Основание'  для 'Обоснование' (возможные значения: ['Обоснование', 'Обоснование сметы', 'Основание', 'Основание расчета', 'Обоснование стоимости', 'Шифр норматива', 'Шифр и номер позиции норматива', 'Обоснование расценок'])
Нашли совпадения в 'Обоснование'  для 'Обоснование' (возможные значения: ['Обоснование', 'Обоснование сметы', 'Основание', 'Основание расчета', 'Обоснование стоимости', 'Шифр норматива', 'Шифр и номер позиции норматива', 'Обоснование расценок'])
Нашли совпадения в 'Наименование работ и затрат'  для 'Наименование работ и затрат' (возможные значения: ['Наименование работ и затрат', 'Наименование работ', 'Наименование затрат', 'Наименование', 'Шифр норматива', 'Шифр и номер позиции норматива', 'Обоснование расценок'])
Нашли совпадения в 'Единица измерения'  для 'Единица измерения' (возможные значения: ['Единица измерения', 'Ед. изм.', 'Единица', 'Ед. изм.', 'ед. измер.', 'ед. изм.', 'Ед. измерен.'])
Нашли совпадения в 'Количество'  для 'Количество' (возможные значения: ['Количество', 'Кол-во', 'Количество ед.', 'Количество изделий', 'Кол.', 'Кол-во единиц'])
Нашли совпадения в 'Сметная стоимость в текущем уровне цен, руб.'  для 'Всего' (возможные значения: ['всего', 'Стоимость, руб.', 'Общая стоимость, руб.', 'Сметная стоимость в текущем уровне цен, руб.'])
Нашли совпадения в 'Основание'  для 'Обоснование' (возможные значения: ['Обоснование', 'Обоснование сметы', 'Основание', 'Основание расчета', 'Обоснование стоимости', 'Шифр норматива', 'Шифр и номер позиции норматива', 'Обоснование расценок'])
Нашли совпадения в 'Основание'  для 'Обоснование' (возможные значения: ['Обоснование', 'Обоснование сметы', 'Основание', 'Основание расчета', 'Обоснование стоимости', 'Шифр норматива', 'Шифр и номер позиции норматива', 'Обоснование расценок'])
Нашли совпадения в 'Основание'  для 'Обоснование' (возможные значения: ['Обоснование', 'Обоснование сметы', 'Основание', 'Основание расчета', 'Обоснование стоимости', 'Шифр норматива', 'Шифр и номер позиции норматива', 'Обоснование расценок'])
Нашли совпадения в 'Основание'  для 'Обоснование' (возможные значения: ['Обоснование', 'Обоснование сметы', 'Основание', 'Основание расчета', 'Обоснование стоимости', 'Шифр норматива', 'Шифр и номер позиции норматива', 'Обоснование расценок'])
Нашли совпадения в 'Основание'  для 'Обоснование' (возможные значения: ['Обоснование', 'Обоснование сметы', 'Основание', 'Основание расчета', 'Обоснование стоимости', 'Шифр норматива', 'Шифр и номер позиции норматива', 'Обоснование расценок'])
Нашли совпадения в 'Обоснование'  для 'Обоснование' (возможные значения: ['Обоснование', 'Обоснование сметы', 'Основание', 'Основание расчета', 'Обоснование стоимости', 'Шифр норматива', 'Шифр и номер позиции норматива', 'Обоснование расценок'])
Нашли совпадения в 'Наименование работ и затрат'  для 'Наименование работ и затрат' (возможные значения: ['Наименование работ и затрат', 'Наименование работ', 'Наименование затрат', 'Наименование', 'Шифр норматива', 'Шифр и номер позиции норматива', 'Обоснование расценок'])
Нашли совпадения в 'Единица измерения'  для 'Единица измерения' (возможные значения: ['Единица измерения', 'Ед. изм.', 'Единица', 'Ед. изм.', 'ед. измер.', 'ед. изм.', 'Ед. измерен.'])
Нашли совпадения в 'Количество'  для 'Количество' (возможные значения: ['Количество', 'Кол-во', 'Количество ед.', 'Количество изделий', 'Кол.', 'Кол-во единиц'])
Нашли совпадения в 'Сметная стоимость в текущем уровне цен, руб.'  для 'Всего' (возможные значения: ['всего', 'Стоимость, руб.', 'Общая стоимость, руб.', 'Сметная стоимость в текущем уровне цен, руб.'])
Нашли совпадения в 'Основание'  для 'Обоснование' (возможные значения: ['Обоснование', 'Обоснование сметы', 'Основание', 'Основание расчета', 'Обоснование стоимости', 'Шифр норматива', 'Шифр и номер позиции норматива', 'Обоснование расценок'])
Нашли совпадения в 'Основание'  для 'Обоснование' (возможные значения: ['Обоснование', 'Обоснование сметы', 'Основание', 'Основание расчета', 'Обоснование стоимости', 'Шифр норматива', 'Шифр и номер позиции норматива', 'Обоснование расценок'])
Нашли совпадения в 'Основание'  для 'Обоснование' (возможные значения: ['Обоснование', 'Обоснование сметы', 'Основание', 'Основание расчета', 'Обоснование стоимости', 'Шифр норматива', 'Шифр и номер позиции норматива', 'Обоснование расценок'])
Нашли совпадения в 'Основание'  для 'Обоснование' (возможные значения: ['Обоснование', 'Обоснование сметы', 'Основание', 'Основание расчета', 'Обоснование стоимости', 'Шифр норматива', 'Шифр и номер позиции норматива', 'Обоснование расценок'])
Нашли совпадения в 'Основание'  для 'Обоснование' (возможные значения: ['Обоснование', 'Обоснование сметы', 'Основание', 'Основание расчета', 'Обоснование стоимости', 'Шифр норматива', 'Шифр и номер позиции норматива', 'Обоснование расценок'])
Нашли совпадения в 'Обоснование'  для 'Обоснование' (возможные значения: ['Обоснование', 'Обоснование сметы', 'Основание', 'Основание расчета', 'Обоснование стоимости', 'Шифр норматива', 'Шифр и номер позиции норматива', 'Обоснование расценок'])
Нашли совпадения в 'Наименование работ и затрат'  для 'Наименование работ и затрат' (возможные значения: ['Наименование работ и затрат', 'Наименование работ', 'Наименование затрат', 'Наименование', 'Шифр норматива', 'Шифр и номер позиции норматива', 'Обоснование расценок'])
Нашли совпадения в 'Единица измерения'  для 'Единица измерения' (возможные значения: ['Единица измерения', 'Ед. изм.', 'Единица', 'Ед. изм.', 'ед. измер.', 'ед. изм.', 'Ед. измерен.'])
Нашли совпадения в 'Количество'  для 'Количество' (возможные значения: ['Количество', 'Кол-во', 'Количество ед.', 'Количество изделий', 'Кол.', 'Кол-во единиц'])
Нашли совпадения в 'Сметная стоимость в текущем уровне цен, руб.'  для 'Всего' (возможные значения: ['всего', 'Стоимость, руб.', 'Общая стоимость, руб.', 'Сметная стоимость в текущем уровне цен, руб.'])
Нашли совпадения в 'Основание'  для 'Обоснование' (возможные значения: ['Обоснование', 'Обоснование сметы', 'Основание', 'Основание расчета', 'Обоснование стоимости', 'Шифр норматива', 'Шифр и номер позиции норматива', 'Обоснование расценок'])
Нашли совпадения в 'Основание'  для 'Обоснование' (возможные значения: ['Обоснование', 'Обоснование сметы', 'Основание', 'Основание расчета', 'Обоснование стоимости', 'Шифр норматива', 'Шифр и номер позиции норматива', 'Обоснование расценок'])
Нашли совпадения в 'Основание'  для 'Обоснование' (возможные значения: ['Обоснование', 'Обоснование сметы', 'Основание', 'Основание расчета', 'Обоснование стоимости', 'Шифр норматива', 'Шифр и номер позиции норматива', 'Обоснование расценок'])
Нашли совпадения в 'Основание'  для 'Обоснование' (возможные значения: ['Обоснование', 'Обоснование сметы', 'Основание', 'Основание расчета', 'Обоснование стоимости', 'Шифр норматива', 'Шифр и номер позиции норматива', 'Обоснование расценок'])
Нашли совпадения в 'Основание'  для 'Обоснование' (возможные значения: ['Обоснование', 'Обоснование сметы', 'Основание', 'Основание расчета', 'Обоснование стоимости', 'Шифр норматива', 'Шифр и номер позиции норматива', 'Обоснование расценок'])
Нашли совпадения в 'Обоснование'  для 'Обоснование' (возможные значения: ['Обоснование', 'Обоснование сметы', 'Основание', 'Основание расчета', 'Обоснование стоимости', 'Шифр норматива', 'Шифр и номер позиции норматива', 'Обоснование расценок'])
Нашли совпадения в 'Наименование работ и затрат'  для 'Наименование работ и затрат' (возможные значения: ['Наименование работ и затрат', 'Наименование работ', 'Наименование затрат', 'Наименование', 'Шифр норматива', 'Шифр и номер позиции норматива', 'Обоснование расценок'])
Нашли совпадения в 'Единица измерения'  для 'Единица измерения' (возможные значения: ['Единица измерения', 'Ед. изм.', 'Единица', 'Ед. изм.', 'ед. измер.', 'ед. изм.', 'Ед. измерен.'])
Нашли совпадения в 'Количество'  для 'Количество' (возможные значения: ['Количество', 'Кол-во', 'Количество ед.', 'Количество изделий', 'Кол.', 'Кол-во единиц'])
Нашли совпадения в 'Сметная стоимость в текущем уровне цен, руб.'  для 'Всего' (возможные значения: ['всего', 'Стоимость, руб.', 'Общая стоимость, руб.', 'Сметная стоимость в текущем уровне цен, руб.'])
Нашли совпадения в 'Основание'  для 'Обоснование' (возможные значения: ['Обоснование', 'Обоснование сметы', 'Основание', 'Основание расчета', 'Обоснование стоимости', 'Шифр норматива', 'Шифр и номер позиции норматива', 'Обоснование расценок'])
Нашли совпадения в 'Основание'  для 'Обоснование' (возможные значения: ['Обоснование', 'Обоснование сметы', 'Основание', 'Основание расчета', 'Обоснование стоимости', 'Шифр норматива', 'Шифр и номер позиции норматива', 'Обоснование расценок'])
Нашли совпадения в 'Основание'  для 'Обоснование' (возможные значения: ['Обоснование', 'Обоснование сметы', 'Основание', 'Основание расчета', 'Обоснование стоимости', 'Шифр норматива', 'Шифр и номер позиции норматива', 'Обоснование расценок'])
Нашли совпадения в 'Основание'  для 'Обоснование' (возможные значения: ['Обоснование', 'Обоснование сметы', 'Основание', 'Основание расчета', 'Обоснование стоимости', 'Шифр норматива', 'Шифр и номер позиции норматива', 'Обоснование расценок'])
Нашли совпадения в 'Основание'  для 'Обоснование' (возможные значения: ['Обоснование', 'Обоснование сметы', 'Основание', 'Основание расчета', 'Обоснование стоимости', 'Шифр норматива', 'Шифр и номер позиции норматива', 'Обоснование расценок'])
Нашли совпадения в 'Обоснование'  для 'Обоснование' (возможные значения: ['Обоснование', 'Обоснование сметы', 'Основание', 'Основание расчета', 'Обоснование стоимости', 'Шифр норматива', 'Шифр и номер позиции норматива', 'Обоснование расценок'])
Нашли совпадения в 'Наименование работ и затрат'  для 'Наименование работ и затрат' (возможные значения: ['Наименование работ и затрат', 'Наименование работ', 'Наименование затрат', 'Наименование', 'Шифр норматива', 'Шифр и номер позиции норматива', 'Обоснование расценок'])
Нашли совпадения в 'Единица измерения'  для 'Единица измерения' (возможные значения: ['Единица измерения', 'Ед. изм.', 'Единица', 'Ед. изм.', 'ед. измер.', 'ед. изм.', 'Ед. измерен.'])
Нашли совпадения в 'Количество'  для 'Количество' (возможные значения: ['Количество', 'Кол-во', 'Количество ед.', 'Количество изделий', 'Кол.', 'Кол-во единиц'])
Нашли совпадения в 'Сметная стоимость в текущем уровне цен, руб.'  для 'Всего' (возможные значения: ['всего', 'Стоимость, руб.', 'Общая стоимость, руб.', 'Сметная стоимость в текущем уровне цен, руб.'])
Нашли совпадения в 'Основание'  для 'Обоснование' (возможные значения: ['Обоснование', 'Обоснование сметы', 'Основание', 'Основание расчета', 'Обоснование стоимости', 'Шифр норматива', 'Шифр и номер позиции норматива', 'Обоснование расценок'])
Нашли совпадения в 'Основание'  для 'Обоснование' (возможные значения: ['Обоснование', 'Обоснование сметы', 'Основание', 'Основание расчета', 'Обоснование стоимости', 'Шифр норматива', 'Шифр и номер позиции норматива', 'Обоснование расценок'])
Нашли совпадения в 'Основание'  для 'Обоснование' (возможные значения: ['Обоснование', 'Обоснование сметы', 'Основание', 'Основание расчета', 'Обоснование стоимости', 'Шифр норматива', 'Шифр и номер позиции норматива', 'Обоснование расценок'])
Нашли совпадения в 'Основание'  для 'Обоснование' (возможные значения: ['Обоснование', 'Обоснование сметы', 'Основание', 'Основание расчета', 'Обоснование стоимости', 'Шифр норматива', 'Шифр и номер позиции норматива', 'Обоснование расценок'])
Нашли совпадения в 'Основание'  для 'Обоснование' (возможные значения: ['Обоснование', 'Обоснование сметы', 'Основание', 'Основание расчета', 'Обоснование стоимости', 'Шифр норматива', 'Шифр и номер позиции норматива', 'Обоснование расценок'])
Нашли совпадения в 'Обоснование'  для 'Обоснование' (возможные значения: ['Обоснование', 'Обоснование сметы', 'Основание', 'Основание расчета', 'Обоснование стоимости', 'Шифр норматива', 'Шифр и номер позиции норматива', 'Обоснование расценок'])
Нашли совпадения в 'Наименование работ и затрат'  для 'Наименование работ и затрат' (возможные значения: ['Наименование работ и затрат', 'Наименование работ', 'Наименование затрат', 'Наименование', 'Шифр норматива', 'Шифр и номер позиции норматива', 'Обоснование расценок'])
Нашли совпадения в 'Единица измерения'  для 'Единица измерения' (возможные значения: ['Единица измерения', 'Ед. изм.', 'Единица', 'Ед. изм.', 'ед. измер.', 'ед. изм.', 'Ед. измерен.'])
Нашли совпадения в 'Количество'  для 'Количество' (возможные значения: ['Количество', 'Кол-во', 'Количество ед.', 'Количество изделий', 'Кол.', 'Кол-во единиц'])
Нашли совпадения в 'Сметная стоимость в текущем уровне цен, руб.'  для 'Всего' (возможные значения: ['всего', 'Стоимость, руб.', 'Общая стоимость, руб.', 'Сметная стоимость в текущем уровне цен, руб.'])
Нашли совпадения в 'Основание'  для 'Обоснование' (возможные значения: ['Обоснование', 'Обоснование сметы', 'Основание', 'Основание расчета', 'Обоснование стоимости', 'Шифр норматива', 'Шифр и номер позиции норматива', 'Обоснование расценок'])
Нашли совпадения в 'Основание'  для 'Обоснование' (возможные значения: ['Обоснование', 'Обоснование сметы', 'Основание', 'Основание расчета', 'Обоснование стоимости', 'Шифр норматива', 'Шифр и номер позиции норматива', 'Обоснование расценок'])
Нашли совпадения в 'Основание'  для 'Обоснование' (возможные значения: ['Обоснование', 'Обоснование сметы', 'Основание', 'Основание расчета', 'Обоснование стоимости', 'Шифр норматива', 'Шифр и номер позиции норматива', 'Обоснование расценок'])
Нашли совпадения в 'Основание'  для 'Обоснование' (возможные значения: ['Обоснование', 'Обоснование сметы', 'Основание', 'Основание расчета', 'Обоснование стоимости', 'Шифр норматива', 'Шифр и номер позиции норматива', 'Обоснование расценок'])
Нашли совпадения в 'Основание'  для 'Обоснование' (возможные значения: ['Обоснование', 'Обоснование сметы', 'Основание', 'Основание расчета', 'Обоснование стоимости', 'Шифр норматива', 'Шифр и номер позиции норматива', 'Обоснование расценок'])
Нашли совпадения в 'Обоснование'  для 'Обоснование' (возможные значения: ['Обоснование', 'Обоснование сметы', 'Основание', 'Основание расчета', 'Обоснование стоимости', 'Шифр норматива', 'Шифр и номер позиции норматива', 'Обоснование расценок'])
Нашли совпадения в 'Наименование работ и затрат'  для 'Наименование работ и затрат' (возможные значения: ['Наименование работ и затрат', 'Наименование работ', 'Наименование затрат', 'Наименование', 'Шифр норматива', 'Шифр и номер позиции норматива', 'Обоснование расценок'])
Нашли совпадения в 'Единица измерения'  для 'Единица измерения' (возможные значения: ['Единица измерения', 'Ед. изм.', 'Единица', 'Ед. изм.', 'ед. измер.', 'ед. изм.', 'Ед. измерен.'])
Нашли совпадения в 'Количество'  для 'Количество' (возможные значения: ['Количество', 'Кол-во', 'Количество ед.', 'Количество изделий', 'Кол.', 'Кол-во единиц'])
Нашли совпадения в 'Сметная стоимость в текущем уровне цен, руб.'  для 'Всего' (возможные значения: ['всего', 'Стоимость, руб.', 'Общая стоимость, руб.', 'Сметная стоимость в текущем уровне цен, руб.'])
Нашли совпадения в 'Основание'  для 'Обоснование' (возможные значения: ['Обоснование', 'Обоснование сметы', 'Основание', 'Основание расчета', 'Обоснование стоимости', 'Шифр норматива', 'Шифр и номер позиции норматива', 'Обоснование расценок'])
Нашли совпадения в 'Основание'  для 'Обоснование' (возможные значения: ['Обоснование', 'Обоснование сметы', 'Основание', 'Основание расчета', 'Обоснование стоимости', 'Шифр норматива', 'Шифр и номер позиции норматива', 'Обоснование расценок'])
Нашли совпадения в 'Основание'  для 'Обоснование' (возможные значения: ['Обоснование', 'Обоснование сметы', 'Основание', 'Основание расчета', 'Обоснование стоимости', 'Шифр норматива', 'Шифр и номер позиции норматива', 'Обоснование расценок'])
Нашли совпадения в 'Основание'  для 'Обоснование' (возможные значения: ['Обоснование', 'Обоснование сметы', 'Основание', 'Основание расчета', 'Обоснование стоимости', 'Шифр норматива', 'Шифр и номер позиции норматива', 'Обоснование расценок'])
Нашли совпадения в 'Основание'  для 'Обоснование' (возможные значения: ['Обоснование', 'Обоснование сметы', 'Основание', 'Основание расчета', 'Обоснование стоимости', 'Шифр норматива', 'Шифр и номер позиции норматива', 'Обоснование расценок'])
Нашли совпадения в 'Обоснование'  для 'Обоснование' (возможные значения: ['Обоснование', 'Обоснование сметы', 'Основание', 'Основание расчета', 'Обоснование стоимости', 'Шифр норматива', 'Шифр и номер позиции норматива', 'Обоснование расценок'])
Нашли совпадения в 'Наименование работ и затрат'  для 'Наименование работ и затрат' (возможные значения: ['Наименование работ и затрат', 'Наименование работ', 'Наименование затрат', 'Наименование', 'Шифр норматива', 'Шифр и номер позиции норматива', 'Обоснование расценок'])
Нашли совпадения в 'Единица измерения'  для 'Единица измерения' (возможные значения: ['Единица измерения', 'Ед. изм.', 'Единица', 'Ед. изм.', 'ед. измер.', 'ед. изм.', 'Ед. измерен.'])
Нашли совпадения в 'Количество'  для 'Количество' (возможные значения: ['Количество', 'Кол-во', 'Количество ед.', 'Количество изделий', 'Кол.', 'Кол-во единиц'])
Нашли совпадения в 'Сметная стоимость в текущем уровне цен, руб.'  для 'Всего' (возможные значения: ['всего', 'Стоимость, руб.', 'Общая стоимость, руб.', 'Сметная стоимость в текущем уровне цен, руб.'])
Нашли совпадения в 'Основание'  для 'Обоснование' (возможные значения: ['Обоснование', 'Обоснование сметы', 'Основание', 'Основание расчета', 'Обоснование стоимости', 'Шифр норматива', 'Шифр и номер позиции норматива', 'Обоснование расценок'])
Нашли совпадения в 'Основание'  для 'Обоснование' (возможные значения: ['Обоснование', 'Обоснование сметы', 'Основание', 'Основание расчета', 'Обоснование стоимости', 'Шифр норматива', 'Шифр и номер позиции норматива', 'Обоснование расценок'])
Нашли совпадения в 'Основание'  для 'Обоснование' (возможные значения: ['Обоснование', 'Обоснование сметы', 'Основание', 'Основание расчета', 'Обоснование стоимости', 'Шифр норматива', 'Шифр и номер позиции норматива', 'Обоснование расценок'])
Нашли совпадения в 'Основание'  для 'Обоснование' (возможные значения: ['Обоснование', 'Обоснование сметы', 'Основание', 'Основание расчета', 'Обоснование стоимости', 'Шифр норматива', 'Шифр и номер позиции норматива', 'Обоснование расценок'])
Нашли совпадения в 'Основание'  для 'Обоснование' (возможные значения: ['Обоснование', 'Обоснование сметы', 'Основание', 'Основание расчета', 'Обоснование стоимости', 'Шифр норматива', 'Шифр и номер позиции норматива', 'Обоснование расценок'])
Нашли совпадения в 'Обоснование'  для 'Обоснование' (возможные значения: ['Обоснование', 'Обоснование сметы', 'Основание', 'Основание расчета', 'Обоснование стоимости', 'Шифр норматива', 'Шифр и номер позиции норматива', 'Обоснование расценок'])
Нашли совпадения в 'Наименование работ и затрат'  для 'Наименование работ и затрат' (возможные значения: ['Наименование работ и затрат', 'Наименование работ', 'Наименование затрат', 'Наименование', 'Шифр норматива', 'Шифр и номер позиции норматива', 'Обоснование расценок'])
Нашли совпадения в 'Единица измерения'  для 'Единица измерения' (возможные значения: ['Единица измерения', 'Ед. изм.', 'Единица', 'Ед. изм.', 'ед. измер.', 'ед. изм.', 'Ед. измерен.'])
Нашли совпадения в 'Количество'  для 'Количество' (возможные значения: ['Количество', 'Кол-во', 'Количество ед.', 'Количество изделий', 'Кол.', 'Кол-во единиц'])
Нашли совпадения в 'Сметная стоимость в текущем уровне цен, руб.'  для 'Всего' (возможные значения: ['всего', 'Стоимость, руб.', 'Общая стоимость, руб.', 'Сметная стоимость в текущем уровне цен, руб.'])
Нашли совпадения в 'Основание'  для 'Обоснование' (возможные значения: ['Обоснование', 'Обоснование сметы', 'Основание', 'Основание расчета', 'Обоснование стоимости', 'Шифр норматива', 'Шифр и номер позиции норматива', 'Обоснование расценок'])
Нашли совпадения в 'Основание'  для 'Обоснование' (возможные значения: ['Обоснование', 'Обоснование сметы', 'Основание', 'Основание расчета', 'Обоснование стоимости', 'Шифр норматива', 'Шифр и номер позиции норматива', 'Обоснование расценок'])
Нашли совпадения в 'Основание'  для 'Обоснование' (возможные значения: ['Обоснование', 'Обоснование сметы', 'Основание', 'Основание расчета', 'Обоснование стоимости', 'Шифр норматива', 'Шифр и номер позиции норматива', 'Обоснование расценок'])
Нашли совпадения в 'Основание'  для 'Обоснование' (возможные значения: ['Обоснование', 'Обоснование сметы', 'Основание', 'Основание расчета', 'Обоснование стоимости', 'Шифр норматива', 'Шифр и номер позиции норматива', 'Обоснование расценок'])
Нашли совпадения в 'Основание'  для 'Обоснование' (возможные значения: ['Обоснование', 'Обоснование сметы', 'Основание', 'Основание расчета', 'Обоснование стоимости', 'Шифр норматива', 'Шифр и номер позиции норматива', 'Обоснование расценок'])
Нашли совпадения в 'Обоснование'  для 'Обоснование' (возможные значения: ['Обоснование', 'Обоснование сметы', 'Основание', 'Основание расчета', 'Обоснование стоимости', 'Шифр норматива', 'Шифр и номер позиции норматива', 'Обоснование расценок'])
Нашли совпадения в 'Наименование работ и затрат'  для 'Наименование работ и затрат' (возможные значения: ['Наименование работ и затрат', 'Наименование работ', 'Наименование затрат', 'Наименование', 'Шифр норматива', 'Шифр и номер позиции норматива', 'Обоснование расценок'])
Нашли совпадения в 'Единица измерения'  для 'Единица измерения' (возможные значения: ['Единица измерения', 'Ед. изм.', 'Единица', 'Ед. изм.', 'ед. измер.', 'ед. изм.', 'Ед. измерен.'])
Нашли совпадения в 'Количество'  для 'Количество' (возможные значения: ['Количество', 'Кол-во', 'Количество ед.', 'Количество изделий', 'Кол.', 'Кол-во единиц'])
Нашли совпадения в 'Сметная стоимость в текущем уровне цен, руб.'  для 'Всего' (возможные значения: ['всего', 'Стоимость, руб.', 'Общая стоимость, руб.', 'Сметная стоимость в текущем уровне цен, руб.'])
Нашли совпадения в 'Основание'  для 'Обоснование' (возможные значения: ['Обоснование', 'Обоснование сметы', 'Основание', 'Основание расчета', 'Обоснование стоимости', 'Шифр норматива', 'Шифр и номер позиции норматива', 'Обоснование расценок'])
Нашли совпадения в 'Основание'  для 'Обоснование' (возможные значения: ['Обоснование', 'Обоснование сметы', 'Основание', 'Основание расчета', 'Обоснование стоимости', 'Шифр норматива', 'Шифр и номер позиции норматива', 'Обоснование расценок'])
Нашли совпадения в 'Основание'  для 'Обоснование' (возможные значения: ['Обоснование', 'Обоснование сметы', 'Основание', 'Основание расчета', 'Обоснование стоимости', 'Шифр норматива', 'Шифр и номер позиции норматива', 'Обоснование расценок'])
Нашли совпадения в 'Основание'  для 'Обоснование' (возможные значения: ['Обоснование', 'Обоснование сметы', 'Основание', 'Основание расчета', 'Обоснование стоимости', 'Шифр норматива', 'Шифр и номер позиции норматива', 'Обоснование расценок'])
Нашли совпадения в 'Основание'  для 'Обоснование' (возможные значения: ['Обоснование', 'Обоснование сметы', 'Основание', 'Основание расчета', 'Обоснование стоимости', 'Шифр норматива', 'Шифр и номер позиции норматива', 'Обоснование расценок'])
Нашли совпадения в 'Обоснование'  для 'Обоснование' (возможные значения: ['Обоснование', 'Обоснование сметы', 'Основание', 'Основание расчета', 'Обоснование стоимости', 'Шифр норматива', 'Шифр и номер позиции норматива', 'Обоснование расценок'])
Нашли совпадения в 'Наименование работ и затрат'  для 'Наименование работ и затрат' (возможные значения: ['Наименование работ и затрат', 'Наименование работ', 'Наименование затрат', 'Наименование', 'Шифр норматива', 'Шифр и номер позиции норматива', 'Обоснование расценок'])
Нашли совпадения в 'Единица измерения'  для 'Единица измерения' (возможные значения: ['Единица измерения', 'Ед. изм.', 'Единица', 'Ед. изм.', 'ед. измер.', 'ед. изм.', 'Ед. измерен.'])
Нашли совпадения в 'Количество'  для 'Количество' (возможные значения: ['Количество', 'Кол-во', 'Количество ед.', 'Количество изделий', 'Кол.', 'Кол-во единиц'])
Нашли совпадения в 'Сметная стоимость в текущем уровне цен, руб.'  для 'Всего' (возможные значения: ['всего', 'Стоимость, руб.', 'Общая стоимость, руб.', 'Сметная стоимость в текущем уровне цен, руб.'])
Нашли совпадения в 'Основание'  для 'Обоснование' (возможные значения: ['Обоснование', 'Обоснование сметы', 'Основание', 'Основание расчета', 'Обоснование стоимости', 'Шифр норматива', 'Шифр и номер позиции норматива', 'Обоснование расценок'])
Нашли совпадения в 'Основание'  для 'Обоснование' (возможные значения: ['Обоснование', 'Обоснование сметы', 'Основание', 'Основание расчета', 'Обоснование стоимости', 'Шифр норматива', 'Шифр и номер позиции норматива', 'Обоснование расценок'])
Нашли совпадения в 'Основание'  для 'Обоснование' (возможные значения: ['Обоснование', 'Обоснование сметы', 'Основание', 'Основание расчета', 'Обоснование стоимости', 'Шифр норматива', 'Шифр и номер позиции норматива', 'Обоснование расценок'])
Нашли совпадения в 'Основание'  для 'Обоснование' (возможные значения: ['Обоснование', 'Обоснование сметы', 'Основание', 'Основание расчета', 'Обоснование стоимости', 'Шифр норматива', 'Шифр и номер позиции норматива', 'Обоснование расценок'])
Нашли совпадения в 'Основание'  для 'Обоснование' (возможные значения: ['Обоснование', 'Обоснование сметы', 'Основание', 'Основание расчета', 'Обоснование стоимости', 'Шифр норматива', 'Шифр и номер позиции норматива', 'Обоснование расценок'])
Нашли совпадения в 'Обоснование'  для 'Обоснование' (возможные значения: ['Обоснование', 'Обоснование сметы', 'Основание', 'Основание расчета', 'Обоснование стоимости', 'Шифр норматива', 'Шифр и номер позиции норматива', 'Обоснование расценок'])
Нашли совпадения в 'Наименование работ и затрат'  для 'Наименование работ и затрат' (возможные значения: ['Наименование работ и затрат', 'Наименование работ', 'Наименование затрат', 'Наименование', 'Шифр норматива', 'Шифр и номер позиции норматива', 'Обоснование расценок'])
Нашли совпадения в 'Единица измерения'  для 'Единица измерения' (возможные значения: ['Единица измерения', 'Ед. изм.', 'Единица', 'Ед. изм.', 'ед. измер.', 'ед. изм.', 'Ед. измерен.'])
Нашли совпадения в 'Количество'  для 'Количество' (возможные значения: ['Количество', 'Кол-во', 'Количество ед.', 'Количество изделий', 'Кол.', 'Кол-во единиц'])
Нашли совпадения в 'Сметная стоимость в текущем уровне цен, руб.'  для 'Всего' (возможные значения: ['всего', 'Стоимость, руб.', 'Общая стоимость, руб.', 'Сметная стоимость в текущем уровне цен, руб.'])
Нашли совпадения в 'Основание'  для 'Обоснование' (возможные значения: ['Обоснование', 'Обоснование сметы', 'Основание', 'Основание расчета', 'Обоснование стоимости', 'Шифр норматива', 'Шифр и номер позиции норматива', 'Обоснование расценок'])
Нашли совпадения в 'Основание'  для 'Обоснование' (возможные значения: ['Обоснование', 'Обоснование сметы', 'Основание', 'Основание расчета', 'Обоснование стоимости', 'Шифр норматива', 'Шифр и номер позиции норматива', 'Обоснование расценок'])
Нашли совпадения в 'Основание'  для 'Обоснование' (возможные значения: ['Обоснование', 'Обоснование сметы', 'Основание', 'Основание расчета', 'Обоснование стоимости', 'Шифр норматива', 'Шифр и номер позиции норматива', 'Обоснование расценок'])
Нашли совпадения в 'Основание'  для 'Обоснование' (возможные значения: ['Обоснование', 'Обоснование сметы', 'Основание', 'Основание расчета', 'Обоснование стоимости', 'Шифр норматива', 'Шифр и номер позиции норматива', 'Обоснование расценок'])
Нашли совпадения в 'Основание'  для 'Обоснование' (возможные значения: ['Обоснование', 'Обоснование сметы', 'Основание', 'Основание расчета', 'Обоснование стоимости', 'Шифр норматива', 'Шифр и номер позиции норматива', 'Обоснование расценок'])
Нашли совпадения в 'Обоснование'  для 'Обоснование' (возможные значения: ['Обоснование', 'Обоснование сметы', 'Основание', 'Основание расчета', 'Обоснование стоимости', 'Шифр норматива', 'Шифр и номер позиции норматива', 'Обоснование расценок'])
Нашли совпадения в 'Наименование работ и затрат'  для 'Наименование работ и затрат' (возможные значения: ['Наименование работ и затрат', 'Наименование работ', 'Наименование затрат', 'Наименование', 'Шифр норматива', 'Шифр и номер позиции норматива', 'Обоснование расценок'])
Нашли совпадения в 'Единица измерения'  для 'Единица измерения' (возможные значения: ['Единица измерения', 'Ед. изм.', 'Единица', 'Ед. изм.', 'ед. измер.', 'ед. изм.', 'Ед. измерен.'])
Нашли совпадения в 'Количество'  для 'Количество' (возможные значения: ['Количество', 'Кол-во', 'Количество ед.', 'Количество изделий', 'Кол.', 'Кол-во единиц'])
Нашли совпадения в 'Сметная стоимость в текущем уровне цен, руб.'  для 'Всего' (возможные значения: ['всего', 'Стоимость, руб.', 'Общая стоимость, руб.', 'Сметная стоимость в текущем уровне цен, руб.'])
Нашли совпадения в 'Основание'  для 'Обоснование' (возможные значения: ['Обоснование', 'Обоснование сметы', 'Основание', 'Основание расчета', 'Обоснование стоимости', 'Шифр норматива', 'Шифр и номер позиции норматива', 'Обоснование расценок'])
Нашли совпадения в 'Основание'  для 'Обоснование' (возможные значения: ['Обоснование', 'Обоснование сметы', 'Основание', 'Основание расчета', 'Обоснование стоимости', 'Шифр норматива', 'Шифр и номер позиции норматива', 'Обоснование расценок'])
Нашли совпадения в 'Основание'  для 'Обоснование' (возможные значения: ['Обоснование', 'Обоснование сметы', 'Основание', 'Основание расчета', 'Обоснование стоимости', 'Шифр норматива', 'Шифр и номер позиции норматива', 'Обоснование расценок'])
Нашли совпадения в 'Основание'  для 'Обоснование' (возможные значения: ['Обоснование', 'Обоснование сметы', 'Основание', 'Основание расчета', 'Обоснование стоимости', 'Шифр норматива', 'Шифр и номер позиции норматива', 'Обоснование расценок'])
Нашли совпадения в 'Основание'  для 'Обоснование' (возможные значения: ['Обоснование', 'Обоснование сметы', 'Основание', 'Основание расчета', 'Обоснование стоимости', 'Шифр норматива', 'Шифр и номер позиции норматива', 'Обоснование расценок'])
Нашли совпадения в 'Обоснование'  для 'Обоснование' (возможные значения: ['Обоснование', 'Обоснование сметы', 'Основание', 'Основание расчета', 'Обоснование стоимости', 'Шифр норматива', 'Шифр и номер позиции норматива', 'Обоснование расценок'])
Нашли совпадения в 'Наименование работ и затрат'  для 'Наименование работ и затрат' (возможные значения: ['Наименование работ и затрат', 'Наименование работ', 'Наименование затрат', 'Наименование', 'Шифр норматива', 'Шифр и номер позиции норматива', 'Обоснование расценок'])
Нашли совпадения в 'Единица измерения'  для 'Единица измерения' (возможные значения: ['Единица измерения', 'Ед. изм.', 'Единица', 'Ед. изм.', 'ед. измер.', 'ед. изм.', 'Ед. измерен.'])
Нашли совпадения в 'Количество'  для 'Количество' (возможные значения: ['Количество', 'Кол-во', 'Количество ед.', 'Количество изделий', 'Кол.', 'Кол-во единиц'])
Нашли совпадения в 'Сметная стоимость в текущем уровне цен, руб.'  для 'Всего' (возможные значения: ['всего', 'Стоимость, руб.', 'Общая стоимость, руб.', 'Сметная стоимость в текущем уровне цен, руб.'])
Нашли совпадения в 'Основание'  для 'Обоснование' (возможные значения: ['Обоснование', 'Обоснование сметы', 'Основание', 'Основание расчета', 'Обоснование стоимости', 'Шифр норматива', 'Шифр и номер позиции норматива', 'Обоснование расценок'])
Нашли совпадения в 'Основание'  для 'Обоснование' (возможные значения: ['Обоснование', 'Обоснование сметы', 'Основание', 'Основание расчета', 'Обоснование стоимости', 'Шифр норматива', 'Шифр и номер позиции норматива', 'Обоснование расценок'])
Нашли совпадения в 'Основание'  для 'Обоснование' (возможные значения: ['Обоснование', 'Обоснование сметы', 'Основание', 'Основание расчета', 'Обоснование стоимости', 'Шифр норматива', 'Шифр и номер позиции норматива', 'Обоснование расценок'])
Нашли совпадения в 'Основание'  для 'Обоснование' (возможные значения: ['Обоснование', 'Обоснование сметы', 'Основание', 'Основание расчета', 'Обоснование стоимости', 'Шифр норматива', 'Шифр и номер позиции норматива', 'Обоснование расценок'])
Нашли совпадения в 'Основание'  для 'Обоснование' (возможные значения: ['Обоснование', 'Обоснование сметы', 'Основание', 'Основание расчета', 'Обоснование стоимости', 'Шифр норматива', 'Шифр и номер позиции норматива', 'Обоснование расценок'])
Нашли совпадения в 'Обоснование'  для 'Обоснование' (возможные значения: ['Обоснование', 'Обоснование сметы', 'Основание', 'Основание расчета', 'Обоснование стоимости', 'Шифр норматива', 'Шифр и номер позиции норматива', 'Обоснование расценок'])
Нашли совпадения в 'Наименование работ и затрат'  для 'Наименование работ и затрат' (возможные значения: ['Наименование работ и затрат', 'Наименование работ', 'Наименование затрат', 'Наименование', 'Шифр норматива', 'Шифр и номер позиции норматива', 'Обоснование расценок'])
Нашли совпадения в 'Единица измерения'  для 'Единица измерения' (возможные значения: ['Единица измерения', 'Ед. изм.', 'Единица', 'Ед. изм.', 'ед. измер.', 'ед. изм.', 'Ед. измерен.'])
Нашли совпадения в 'Количество'  для 'Количество' (возможные значения: ['Количество', 'Кол-во', 'Количество ед.', 'Количество изделий', 'Кол.', 'Кол-во единиц'])
Нашли совпадения в 'Сметная стоимость в текущем уровне цен, руб.'  для 'Всего' (возможные значения: ['всего', 'Стоимость, руб.', 'Общая стоимость, руб.', 'Сметная стоимость в текущем уровне цен, руб.'])
Нашли совпадения в 'Основание'  для 'Обоснование' (возможные значения: ['Обоснование', 'Обоснование сметы', 'Основание', 'Основание расчета', 'Обоснование стоимости', 'Шифр норматива', 'Шифр и номер позиции норматива', 'Обоснование расценок'])
Нашли совпадения в 'Основание'  для 'Обоснование' (возможные значения: ['Обоснование', 'Обоснование сметы', 'Основание', 'Основание расчета', 'Обоснование стоимости', 'Шифр норматива', 'Шифр и номер позиции норматива', 'Обоснование расценок'])
Нашли совпадения в 'Основание'  для 'Обоснование' (возможные значения: ['Обоснование', 'Обоснование сметы', 'Основание', 'Основание расчета', 'Обоснование стоимости', 'Шифр норматива', 'Шифр и номер позиции норматива', 'Обоснование расценок'])
Нашли совпадения в 'Основание'  для 'Обоснование' (возможные значения: ['Обоснование', 'Обоснование сметы', 'Основание', 'Основание расчета', 'Обоснование стоимости', 'Шифр норматива', 'Шифр и номер позиции норматива', 'Обоснование расценок'])
Нашли совпадения в 'Основание'  для 'Обоснование' (возможные значения: ['Обоснование', 'Обоснование сметы', 'Основание', 'Основание расчета', 'Обоснование стоимости', 'Шифр норматива', 'Шифр и номер позиции норматива', 'Обоснование расценок'])
Нашли совпадения в 'Обоснование'  для 'Обоснование' (возможные значения: ['Обоснование', 'Обоснование сметы', 'Основание', 'Основание расчета', 'Обоснование стоимости', 'Шифр норматива', 'Шифр и номер позиции норматива', 'Обоснование расценок'])
Нашли совпадения в 'Наименование работ и затрат'  для 'Наименование работ и затрат' (возможные значения: ['Наименование работ и затрат', 'Наименование работ', 'Наименование затрат', 'Наименование', 'Шифр норматива', 'Шифр и номер позиции норматива', 'Обоснование расценок'])
Нашли совпадения в 'Единица измерения'  для 'Единица измерения' (возможные значения: ['Единица измерения', 'Ед. изм.', 'Единица', 'Ед. изм.', 'ед. измер.', 'ед. изм.', 'Ед. измерен.'])
Нашли совпадения в 'Количество'  для 'Количество' (возможные значения: ['Количество', 'Кол-во', 'Количество ед.', 'Количество изделий', 'Кол.', 'Кол-во единиц'])
Нашли совпадения в 'Сметная стоимость в текущем уровне цен, руб.'  для 'Всего' (возможные значения: ['всего', 'Стоимость, руб.', 'Общая стоимость, руб.', 'Сметная стоимость в текущем уровне цен, руб.'])
Нашли совпадения в 'Основание'  для 'Обоснование' (возможные значения: ['Обоснование', 'Обоснование сметы', 'Основание', 'Основание расчета', 'Обоснование стоимости', 'Шифр норматива', 'Шифр и номер позиции норматива', 'Обоснование расценок'])
Нашли совпадения в 'Основание'  для 'Обоснование' (возможные значения: ['Обоснование', 'Обоснование сметы', 'Основание', 'Основание расчета', 'Обоснование стоимости', 'Шифр норматива', 'Шифр и номер позиции норматива', 'Обоснование расценок'])
Нашли совпадения в 'Основание'  для 'Обоснование' (возможные значения: ['Обоснование', 'Обоснование сметы', 'Основание', 'Основание расчета', 'Обоснование стоимости', 'Шифр норматива', 'Шифр и номер позиции норматива', 'Обоснование расценок'])
Нашли совпадения в 'Основание'  для 'Обоснование' (возможные значения: ['Обоснование', 'Обоснование сметы', 'Основание', 'Основание расчета', 'Обоснование стоимости', 'Шифр норматива', 'Шифр и номер позиции норматива', 'Обоснование расценок'])
Нашли совпадения в 'Основание'  для 'Обоснование' (возможные значения: ['Обоснование', 'Обоснование сметы', 'Основание', 'Основание расчета', 'Обоснование стоимости', 'Шифр норматива', 'Шифр и номер позиции норматива', 'Обоснование расценок'])
Нашли совпадения в 'Обоснование'  для 'Обоснование' (возможные значения: ['Обоснование', 'Обоснование сметы', 'Основание', 'Основание расчета', 'Обоснование стоимости', 'Шифр норматива', 'Шифр и номер позиции норматива', 'Обоснование расценок'])
Нашли совпадения в 'Наименование работ и затрат'  для 'Наименование работ и затрат' (возможные значения: ['Наименование работ и затрат', 'Наименование работ', 'Наименование затрат', 'Наименование', 'Шифр норматива', 'Шифр и номер позиции норматива', 'Обоснование расценок'])
Нашли совпадения в 'Единица измерения'  для 'Единица измерения' (возможные значения: ['Единица измерения', 'Ед. изм.', 'Единица', 'Ед. изм.', 'ед. измер.', 'ед. изм.', 'Ед. измерен.'])
Нашли совпадения в 'Количество'  для 'Количество' (возможные значения: ['Количество', 'Кол-во', 'Количество ед.', 'Количество изделий', 'Кол.', 'Кол-во единиц'])
Нашли совпадения в 'Сметная стоимость в текущем уровне цен, руб.'  для 'Всего' (возможные значения: ['всего', 'Стоимость, руб.', 'Общая стоимость, руб.', 'Сметная стоимость в текущем уровне цен, руб.'])
Нашли совпадения в 'Основание'  для 'Обоснование' (возможные значения: ['Обоснование', 'Обоснование сметы', 'Основание', 'Основание расчета', 'Обоснование стоимости', 'Шифр норматива', 'Шифр и номер позиции норматива', 'Обоснование расценок'])
Нашли совпадения в 'Основание'  для 'Обоснование' (возможные значения: ['Обоснование', 'Обоснование сметы', 'Основание', 'Основание расчета', 'Обоснование стоимости', 'Шифр норматива', 'Шифр и номер позиции норматива', 'Обоснование расценок'])
Нашли совпадения в 'Основание'  для 'Обоснование' (возможные значения: ['Обоснование', 'Обоснование сметы', 'Основание', 'Основание расчета', 'Обоснование стоимости', 'Шифр норматива', 'Шифр и номер позиции норматива', 'Обоснование расценок'])
Нашли совпадения в 'Основание'  для 'Обоснование' (возможные значения: ['Обоснование', 'Обоснование сметы', 'Основание', 'Основание расчета', 'Обоснование стоимости', 'Шифр норматива', 'Шифр и номер позиции норматива', 'Обоснование расценок'])
Нашли совпадения в 'Основание'  для 'Обоснование' (возможные значения: ['Обоснование', 'Обоснование сметы', 'Основание', 'Основание расчета', 'Обоснование стоимости', 'Шифр норматива', 'Шифр и номер позиции норматива', 'Обоснование расценок'])
Нашли совпадения в 'Обоснование'  для 'Обоснование' (возможные значения: ['Обоснование', 'Обоснование сметы', 'Основание', 'Основание расчета', 'Обоснование стоимости', 'Шифр норматива', 'Шифр и номер позиции норматива', 'Обоснование расценок'])
Нашли совпадения в 'Наименование работ и затрат'  для 'Наименование работ и затрат' (возможные значения: ['Наименование работ и затрат', 'Наименование работ', 'Наименование затрат', 'Наименование', 'Шифр норматива', 'Шифр и номер позиции норматива', 'Обоснование расценок'])
Нашли совпадения в 'Единица измерения'  для 'Единица измерения' (возможные значения: ['Единица измерения', 'Ед. изм.', 'Единица', 'Ед. изм.', 'ед. измер.', 'ед. изм.', 'Ед. измерен.'])
Нашли совпадения в 'Количество'  для 'Количество' (возможные значения: ['Количество', 'Кол-во', 'Количество ед.', 'Количество изделий', 'Кол.', 'Кол-во единиц'])
Нашли совпадения в 'Сметная стоимость в текущем уровне цен, руб.'  для 'Всего' (возможные значения: ['всего', 'Стоимость, руб.', 'Общая стоимость, руб.', 'Сметная стоимость в текущем уровне цен, руб.'])
Нашли совпадения в 'Основание'  для 'Обоснование' (возможные значения: ['Обоснование', 'Обоснование сметы', 'Основание', 'Основание расчета', 'Обоснование стоимости', 'Шифр норматива', 'Шифр и номер позиции норматива', 'Обоснование расценок'])
Нашли совпадения в 'Основание'  для 'Обоснование' (возможные значения: ['Обоснование', 'Обоснование сметы', 'Основание', 'Основание расчета', 'Обоснование стоимости', 'Шифр норматива', 'Шифр и номер позиции норматива', 'Обоснование расценок'])
Нашли совпадения в 'Основание'  для 'Обоснование' (возможные значения: ['Обоснование', 'Обоснование сметы', 'Основание', 'Основание расчета', 'Обоснование стоимости', 'Шифр норматива', 'Шифр и номер позиции норматива', 'Обоснование расценок'])
Нашли совпадения в 'Основание'  для 'Обоснование' (возможные значения: ['Обоснование', 'Обоснование сметы', 'Основание', 'Основание расчета', 'Обоснование стоимости', 'Шифр норматива', 'Шифр и номер позиции норматива', 'Обоснование расценок'])
Нашли совпадения в 'Основание'  для 'Обоснование' (возможные значения: ['Обоснование', 'Обоснование сметы', 'Основание', 'Основание расчета', 'Обоснование стоимости', 'Шифр норматива', 'Шифр и номер позиции норматива', 'Обоснование расценок'])
Нашли совпадения в 'Обоснование'  для 'Обоснование' (возможные значения: ['Обоснование', 'Обоснование сметы', 'Основание', 'Основание расчета', 'Обоснование стоимости', 'Шифр норматива', 'Шифр и номер позиции норматива', 'Обоснование расценок'])
Нашли совпадения в 'Наименование работ и затрат'  для 'Наименование работ и затрат' (возможные значения: ['Наименование работ и затрат', 'Наименование работ', 'Наименование затрат', 'Наименование', 'Шифр норматива', 'Шифр и номер позиции норматива', 'Обоснование расценок'])
Нашли совпадения в 'Единица измерения'  для 'Единица измерения' (возможные значения: ['Единица измерения', 'Ед. изм.', 'Единица', 'Ед. изм.', 'ед. измер.', 'ед. изм.', 'Ед. измерен.'])
Нашли совпадения в 'Количество'  для 'Количество' (возможные значения: ['Количество', 'Кол-во', 'Количество ед.', 'Количество изделий', 'Кол.', 'Кол-во единиц'])
Нашли совпадения в 'Сметная стоимость в текущем уровне цен, руб.'  для 'Всего' (возможные значения: ['всего', 'Стоимость, руб.', 'Общая стоимость, руб.', 'Сметная стоимость в текущем уровне цен, руб.'])
Нашли совпадения в 'Основание'  для 'Обоснование' (возможные значения: ['Обоснование', 'Обоснование сметы', 'Основание', 'Основание расчета', 'Обоснование стоимости', 'Шифр норматива', 'Шифр и номер позиции норматива', 'Обоснование расценок'])
Нашли совпадения в 'Основание'  для 'Обоснование' (возможные значения: ['Обоснование', 'Обоснование сметы', 'Основание', 'Основание расчета', 'Обоснование стоимости', 'Шифр норматива', 'Шифр и номер позиции норматива', 'Обоснование расценок'])
Нашли совпадения в 'Основание'  для 'Обоснование' (возможные значения: ['Обоснование', 'Обоснование сметы', 'Основание', 'Основание расчета', 'Обоснование стоимости', 'Шифр норматива', 'Шифр и номер позиции норматива', 'Обоснование расценок'])
Нашли совпадения в 'Основание'  для 'Обоснование' (возможные значения: ['Обоснование', 'Обоснование сметы', 'Основание', 'Основание расчета', 'Обоснование стоимости', 'Шифр норматива', 'Шифр и номер позиции норматива', 'Обоснование расценок'])
Нашли совпадения в 'Основание'  для 'Обоснование' (возможные значения: ['Обоснование', 'Обоснование сметы', 'Основание', 'Основание расчета', 'Обоснование стоимости', 'Шифр норматива', 'Шифр и номер позиции норматива', 'Обоснование расценок'])
Нашли совпадения в 'Обоснование'  для 'Обоснование' (возможные значения: ['Обоснование', 'Обоснование сметы', 'Основание', 'Основание расчета', 'Обоснование стоимости', 'Шифр норматива', 'Шифр и номер позиции норматива', 'Обоснование расценок'])
Нашли совпадения в 'Наименование работ и затрат'  для 'Наименование работ и затрат' (возможные значения: ['Наименование работ и затрат', 'Наименование работ', 'Наименование затрат', 'Наименование', 'Шифр норматива', 'Шифр и номер позиции норматива', 'Обоснование расценок'])
Нашли совпадения в 'Единица измерения'  для 'Единица измерения' (возможные значения: ['Единица измерения', 'Ед. изм.', 'Единица', 'Ед. изм.', 'ед. измер.', 'ед. изм.', 'Ед. измерен.'])
Нашли совпадения в 'Количество'  для 'Количество' (возможные значения: ['Количество', 'Кол-во', 'Количество ед.', 'Количество изделий', 'Кол.', 'Кол-во единиц'])
Нашли совпадения в 'Сметная стоимость в текущем уровне цен, руб.'  для 'Всего' (возможные значения: ['всего', 'Стоимость, руб.', 'Общая стоимость, руб.', 'Сметная стоимость в текущем уровне цен, руб.'])
Нашли совпадения в 'Кол-во'  для 'Количество' (возможные значения: ['Количество', 'Кол-во', 'Количество ед.', 'Количество изделий', 'Кол.', 'Кол-во единиц'])
Нашли совпадения в 'Кол-во'  для 'Количество' (возможные значения: ['Количество', 'Кол-во', 'Количество ед.', 'Количество изделий', 'Кол.', 'Кол-во единиц'])
Нашли совпадения в 'Кол-во'  для 'Количество' (возможные значения: ['Количество', 'Кол-во', 'Количество ед.', 'Количество изделий', 'Кол.', 'Кол-во единиц'])
Нашли совпадения в 'Кол-во'  для 'Количество' (возможные значения: ['Количество', 'Кол-во', 'Количество ед.', 'Количество изделий', 'Кол.', 'Кол-во единиц'])
Нашли совпадения в 'Кол-во'  для 'Количество' (возможные значения: ['Количество', 'Кол-во', 'Количество ед.', 'Количество изделий', 'Кол.', 'Кол-во единиц'])
Нашли совпадения в 'Шифр 
норматива'  для 'Обоснование' (возможные значения: ['Обоснование', 'Обоснование сметы', 'Основание', 'Основание расчета', 'Обоснование стоимости', 'Шифр норматива', 'Шифр и номер позиции норматива', 'Обоснование расценок'])
Нашли совпадения в 'Шифр 
норматива'  для 'Наименование работ и затрат' (возможные значения: ['Наименование работ и затрат', 'Наименование работ', 'Наименование затрат', 'Наименование', 'Шифр норматива', 'Шифр и номер позиции норматива', 'Обоснование расценок'])
Нашли совпадения в 'Ед. изм.'  для 'Единица измерения' (возможные значения: ['Единица измерения', 'Ед. изм.', 'Единица', 'Ед. изм.', 'ед. измер.', 'ед. изм.', 'Ед. измерен.'])
Нашли совпадения в 'Кол-во единиц'  для 'Количество' (возможные значения: ['Количество', 'Кол-во', 'Количество ед.', 'Количество изделий', 'Кол.', 'Кол-во единиц'])
Нашли совпадения в 'Общая стоимость, руб.'  для 'Всего' (возможные значения: ['всего', 'Стоимость, руб.', 'Общая стоимость, руб.', 'Сметная стоимость в текущем уровне цен, руб.'])
Нашли совпадения в 'Шифр 
норматива'  для 'Обоснование' (возможные значения: ['Обоснование', 'Обоснование сметы', 'Основание', 'Основание расчета', 'Обоснование стоимости', 'Шифр норматива', 'Шифр и номер позиции норматива', 'Обоснование расценок'])
Нашли совпадения в 'Шифр 
норматива'  для 'Наименование работ и затрат' (возможные значения: ['Наименование работ и затрат', 'Наименование работ', 'Наименование затрат', 'Наименование', 'Шифр норматива', 'Шифр и номер позиции норматива', 'Обоснование расценок'])
Нашли совпадения в 'Ед. изм.'  для 'Единица измерения' (возможные значения: ['Единица измерения', 'Ед. изм.', 'Единица', 'Ед. изм.', 'ед. измер.', 'ед. изм.', 'Ед. измерен.'])
Нашли совпадения в 'Кол-во единиц'  для 'Количество' (возможные значения: ['Количество', 'Кол-во', 'Количество ед.', 'Количество изделий', 'Кол.', 'Кол-во единиц'])
Нашли совпадения в 'Общая стоимость, руб.'  для 'Всего' (возможные значения: ['всего', 'Стоимость, руб.', 'Общая стоимость, руб.', 'Сметная стоимость в текущем уровне цен, руб.'])
Нашли совпадения в 'Шифр 
норматива'  для 'Обоснование' (возможные значения: ['Обоснование', 'Обоснование сметы', 'Основание', 'Основание расчета', 'Обоснование стоимости', 'Шифр норматива', 'Шифр и номер позиции норматива', 'Обоснование расценок'])
Нашли совпадения в 'Шифр 
норматива'  для 'Наименование работ и затрат' (возможные значения: ['Наименование работ и затрат', 'Наименование работ', 'Наименование затрат', 'Наименование', 'Шифр норматива', 'Шифр и номер позиции норматива', 'Обоснование расценок'])
Нашли совпадения в 'Ед. изм.'  для 'Единица измерения' (возможные значения: ['Единица измерения', 'Ед. изм.', 'Единица', 'Ед. изм.', 'ед. измер.', 'ед. изм.', 'Ед. измерен.'])
Нашли совпадения в 'Кол-во единиц'  для 'Количество' (возможные значения: ['Количество', 'Кол-во', 'Количество ед.', 'Количество изделий', 'Кол.', 'Кол-во единиц'])
Нашли совпадения в 'Общая стоимость, руб.'  для 'Всего' (возможные значения: ['всего', 'Стоимость, руб.', 'Общая стоимость, руб.', 'Сметная стоимость в текущем уровне цен, руб.'])
Нашли совпадения в 'Шифр 
норматива'  для 'Обоснование' (возможные значения: ['Обоснование', 'Обоснование сметы', 'Основание', 'Основание расчета', 'Обоснование стоимости', 'Шифр норматива', 'Шифр и номер позиции норматива', 'Обоснование расценок'])
Нашли совпадения в 'Шифр 
норматива'  для 'Наименование работ и затрат' (возможные значения: ['Наименование работ и затрат', 'Наименование работ', 'Наименование затрат', 'Наименование', 'Шифр норматива', 'Шифр и номер позиции норматива', 'Обоснование расценок'])
Нашли совпадения в 'Ед. изм.'  для 'Единица измерения' (возможные значения: ['Единица измерения', 'Ед. изм.', 'Единица', 'Ед. изм.', 'ед. измер.', 'ед. изм.', 'Ед. измерен.'])
Нашли совпадения в 'Кол-во единиц'  для 'Количество' (возможные значения: ['Количество', 'Кол-во', 'Количество ед.', 'Количество изделий', 'Кол.', 'Кол-во единиц'])
Нашли совпадения в 'Общая стоимость, руб.'  для 'Всего' (возможные значения: ['всего', 'Стоимость, руб.', 'Общая стоимость, руб.', 'Сметная стоимость в текущем уровне цен, руб.'])
Нашли совпадения в 'Шифр 
норматива'  для 'Обоснование' (возможные значения: ['Обоснование', 'Обоснование сметы', 'Основание', 'Основание расчета', 'Обоснование стоимости', 'Шифр норматива', 'Шифр и номер позиции норматива', 'Обоснование расценок'])
Нашли совпадения в 'Шифр 
норматива'  для 'Наименование работ и затрат' (возможные значения: ['Наименование работ и затрат', 'Наименование работ', 'Наименование затрат', 'Наименование', 'Шифр норматива', 'Шифр и номер позиции норматива', 'Обоснование расценок'])
Нашли совпадения в 'Ед. изм.'  для 'Единица измерения' (возможные значения: ['Единица измерения', 'Ед. изм.', 'Единица', 'Ед. изм.', 'ед. измер.', 'ед. изм.', 'Ед. измерен.'])
Нашли совпадения в 'Кол-во единиц'  для 'Количество' (возможные значения: ['Количество', 'Кол-во', 'Количество ед.', 'Количество изделий', 'Кол.', 'Кол-во единиц'])
Нашли совпадения в 'Общая стоимость, руб.'  для 'Всего' (возможные значения: ['всего', 'Стоимость, руб.', 'Общая стоимость, руб.', 'Сметная стоимость в текущем уровне цен, руб.'])
Нашли совпадения в 'Шифр 
норматива'  для 'Обоснование' (возможные значения: ['Обоснование', 'Обоснование сметы', 'Основание', 'Основание расчета', 'Обоснование стоимости', 'Шифр норматива', 'Шифр и номер позиции норматива', 'Обоснование расценок'])
Нашли совпадения в 'Шифр 
норматива'  для 'Наименование работ и затрат' (возможные значения: ['Наименование работ и затрат', 'Наименование работ', 'Наименование затрат', 'Наименование', 'Шифр норматива', 'Шифр и номер позиции норматива', 'Обоснование расценок'])
Нашли совпадения в 'Ед. изм.'  для 'Единица измерения' (возможные значения: ['Единица измерения', 'Ед. изм.', 'Единица', 'Ед. изм.', 'ед. измер.', 'ед. изм.', 'Ед. измерен.'])
Нашли совпадения в 'Кол-во единиц'  для 'Количество' (возможные значения: ['Количество', 'Кол-во', 'Количество ед.', 'Количество изделий', 'Кол.', 'Кол-во единиц'])
Нашли совпадения в 'Общая стоимость, руб.'  для 'Всего' (возможные значения: ['всего', 'Стоимость, руб.', 'Общая стоимость, руб.', 'Сметная стоимость в текущем уровне цен, руб.'])
Нашли совпадения в 'Шифр 
норматива'  для 'Обоснование' (возможные значения: ['Обоснование', 'Обоснование сметы', 'Основание', 'Основание расчета', 'Обоснование стоимости', 'Шифр норматива', 'Шифр и номер позиции норматива', 'Обоснование расценок'])
Нашли совпадения в 'Шифр 
норматива'  для 'Наименование работ и затрат' (возможные значения: ['Наименование работ и затрат', 'Наименование работ', 'Наименование затрат', 'Наименование', 'Шифр норматива', 'Шифр и номер позиции норматива', 'Обоснование расценок'])
Нашли совпадения в 'Ед. изм.'  для 'Единица измерения' (возможные значения: ['Единица измерения', 'Ед. изм.', 'Единица', 'Ед. изм.', 'ед. измер.', 'ед. изм.', 'Ед. измерен.'])
Нашли совпадения в 'Кол-во единиц'  для 'Количество' (возможные значения: ['Количество', 'Кол-во', 'Количество ед.', 'Количество изделий', 'Кол.', 'Кол-во единиц'])
Нашли совпадения в 'Общая стоимость, руб.'  для 'Всего' (возможные значения: ['всего', 'Стоимость, руб.', 'Общая стоимость, руб.', 'Сметная стоимость в текущем уровне цен, руб.'])
Нашли совпадения в 'Шифр 
норматива'  для 'Обоснование' (возможные значения: ['Обоснование', 'Обоснование сметы', 'Основание', 'Основание расчета', 'Обоснование стоимости', 'Шифр норматива', 'Шифр и номер позиции норматива', 'Обоснование расценок'])
Нашли совпадения в 'Шифр 
норматива'  для 'Наименование работ и затрат' (возможные значения: ['Наименование работ и затрат', 'Наименование работ', 'Наименование затрат', 'Наименование', 'Шифр норматива', 'Шифр и номер позиции норматива', 'Обоснование расценок'])
Нашли совпадения в 'Ед. изм.'  для 'Единица измерения' (возможные значения: ['Единица измерения', 'Ед. изм.', 'Единица', 'Ед. изм.', 'ед. измер.', 'ед. изм.', 'Ед. измерен.'])
Нашли совпадения в 'Кол-во единиц'  для 'Количество' (возможные значения: ['Количество', 'Кол-во', 'Количество ед.', 'Количество изделий', 'Кол.', 'Кол-во единиц'])
Нашли совпадения в 'Общая стоимость, руб.'  для 'Всего' (возможные значения: ['всего', 'Стоимость, руб.', 'Общая стоимость, руб.', 'Сметная стоимость в текущем уровне цен, руб.'])
Нашли совпадения в 'Шифр 
норматива'  для 'Обоснование' (возможные значения: ['Обоснование', 'Обоснование сметы', 'Основание', 'Основание расчета', 'Обоснование стоимости', 'Шифр норматива', 'Шифр и номер позиции норматива', 'Обоснование расценок'])
Нашли совпадения в 'Шифр 
норматива'  для 'Наименование работ и затрат' (возможные значения: ['Наименование работ и затрат', 'Наименование работ', 'Наименование затрат', 'Наименование', 'Шифр норматива', 'Шифр и номер позиции норматива', 'Обоснование расценок'])
Нашли совпадения в 'Ед. изм.'  для 'Единица измерения' (возможные значения: ['Единица измерения', 'Ед. изм.', 'Единица', 'Ед. изм.', 'ед. измер.', 'ед. изм.', 'Ед. измерен.'])
Нашли совпадения в 'Кол-во единиц'  для 'Количество' (возможные значения: ['Количество', 'Кол-во', 'Количество ед.', 'Количество изделий', 'Кол.', 'Кол-во единиц'])
Нашли совпадения в 'Общая стоимость, руб.'  для 'Всего' (возможные значения: ['всего', 'Стоимость, руб.', 'Общая стоимость, руб.', 'Сметная стоимость в текущем уровне цен, руб.'])
Нашли совпадения в 'Шифр 
норматива'  для 'Обоснование' (возможные значения: ['Обоснование', 'Обоснование сметы', 'Основание', 'Основание расчета', 'Обоснование стоимости', 'Шифр норматива', 'Шифр и номер позиции норматива', 'Обоснование расценок'])
Нашли совпадения в 'Шифр 
норматива'  для 'Наименование работ и затрат' (возможные значения: ['Наименование работ и затрат', 'Наименование работ', 'Наименование затрат', 'Наименование', 'Шифр норматива', 'Шифр и номер позиции норматива', 'Обоснование расценок'])
Нашли совпадения в 'Ед. изм.'  для 'Единица измерения' (возможные значения: ['Единица измерения', 'Ед. изм.', 'Единица', 'Ед. изм.', 'ед. измер.', 'ед. изм.', 'Ед. измерен.'])
Нашли совпадения в 'Кол-во единиц'  для 'Количество' (возможные значения: ['Количество', 'Кол-во', 'Количество ед.', 'Количество изделий', 'Кол.', 'Кол-во единиц'])
Нашли совпадения в 'Общая стоимость, руб.'  для 'Всего' (возможные значения: ['всего', 'Стоимость, руб.', 'Общая стоимость, руб.', 'Сметная стоимость в текущем уровне цен, руб.'])
